[0.054s] Invoking command in '/home/lisii/Documents/Github-repos/TransferStation/1_Projects/Current/ROS2_learning/example_topic_rclcpp/build/example_topic_rclcpp': CMAKE_PREFIX_PATH=/opt/ros/humble /usr/bin/cmake /home/lisii/Documents/Github-repos/TransferStation/1_Projects/Current/ROS2_learning/example_topic_rclcpp -DCMAKE_INSTALL_PREFIX=/home/lisii/Documents/Github-repos/TransferStation/1_Projects/Current/ROS2_learning/example_topic_rclcpp/install/example_topic_rclcpp
[0.203s] -- The C compiler identification is GNU 11.4.0
[0.304s] -- The CXX compiler identification is GNU 11.4.0
[0.313s] -- Detecting C compiler ABI info
[0.366s] -- Detecting C compiler ABI info - done
[0.372s] -- Check for working C compiler: /usr/bin/cc - skipped
[0.373s] -- Detecting C compile features
[0.374s] -- Detecting C compile features - done
[0.377s] -- Detecting CXX compiler ABI info
[0.434s] -- Detecting CXX compiler ABI info - done
[0.441s] -- Check for working CXX compiler: /usr/bin/c++ - skipped
[0.441s] -- Detecting CXX compile features
[0.441s] -- Detecting CXX compile features - done
[0.446s] -- Found ament_cmake: 1.3.6 (/opt/ros/humble/share/ament_cmake/cmake)
[0.720s] -- Found Python3: /usr/bin/python3.10 (found version "3.10.12") found components: Interpreter 
[0.798s] -- Found rclcpp: 16.0.7 (/opt/ros/humble/share/rclcpp/cmake)
[0.845s] -- Found rosidl_generator_c: 3.1.5 (/opt/ros/humble/share/rosidl_generator_c/cmake)
[0.850s] -- Found rosidl_adapter: 3.1.5 (/opt/ros/humble/share/rosidl_adapter/cmake)
[0.860s] -- Found rosidl_generator_cpp: 3.1.5 (/opt/ros/humble/share/rosidl_generator_cpp/cmake)
[0.877s] -- Using all available rosidl_typesupport_c: rosidl_typesupport_fastrtps_c;rosidl_typesupport_introspection_c
[0.897s] -- Using all available rosidl_typesupport_cpp: rosidl_typesupport_fastrtps_cpp;rosidl_typesupport_introspection_cpp
[0.969s] -- Found rmw_implementation_cmake: 6.1.1 (/opt/ros/humble/share/rmw_implementation_cmake/cmake)
[0.972s] -- Found rmw_fastrtps_cpp: 6.2.5 (/opt/ros/humble/share/rmw_fastrtps_cpp/cmake)
[1.053s] -- Found OpenSSL: /usr/lib/x86_64-linux-gnu/libcrypto.so (found version "3.0.2")  
[1.072s] -- Found FastRTPS: /opt/ros/humble/include  
[1.106s] -- Using RMW implementation 'rmw_fastrtps_cpp' as default
[1.115s] -- Looking for pthread.h
[1.176s] -- Looking for pthread.h - found
[1.176s] -- Performing Test CMAKE_HAVE_LIBC_PTHREAD
[1.226s] -- Performing Test CMAKE_HAVE_LIBC_PTHREAD - Success
[1.227s] -- Found Threads: TRUE  
[1.384s] -- Found ament_lint_auto: 0.12.9 (/opt/ros/humble/share/ament_lint_auto/cmake)
[1.462s] -- Added test 'cppcheck' to perform static code analysis on C / C++ code
[1.462s] -- Configured cppcheck include dirs: 
[1.462s] -- Configured cppcheck exclude dirs and/or files: 
[1.465s] -- Added test 'lint_cmake' to check CMake code style
[1.472s] -- Added test 'uncrustify' to check C / C++ code style
[1.472s] -- Configured uncrustify additional arguments: 
[1.474s] -- Added test 'xmllint' to check XML markup files
[1.476s] -- Configuring done
[1.484s] -- Generating done
[1.486s] -- Build files have been written to: /home/lisii/Documents/Github-repos/TransferStation/1_Projects/Current/ROS2_learning/example_topic_rclcpp/build/example_topic_rclcpp
[1.492s] Invoked command in '/home/lisii/Documents/Github-repos/TransferStation/1_Projects/Current/ROS2_learning/example_topic_rclcpp/build/example_topic_rclcpp' returned '0': CMAKE_PREFIX_PATH=/opt/ros/humble /usr/bin/cmake /home/lisii/Documents/Github-repos/TransferStation/1_Projects/Current/ROS2_learning/example_topic_rclcpp -DCMAKE_INSTALL_PREFIX=/home/lisii/Documents/Github-repos/TransferStation/1_Projects/Current/ROS2_learning/example_topic_rclcpp/install/example_topic_rclcpp
[1.494s] Invoking command in '/home/lisii/Documents/Github-repos/TransferStation/1_Projects/Current/ROS2_learning/example_topic_rclcpp/build/example_topic_rclcpp': CMAKE_PREFIX_PATH=/opt/ros/humble /usr/bin/cmake --build /home/lisii/Documents/Github-repos/TransferStation/1_Projects/Current/ROS2_learning/example_topic_rclcpp/build/example_topic_rclcpp -- -j12 -l12
[1.527s] [ 50%] [32mBuilding CXX object CMakeFiles/topic_subscribe_01.dir/src/topic_subscribe_01.cpp.o[0m
[1.527s] [ 50%] [32mBuilding CXX object CMakeFiles/topic_publisher_01.dir/src/topic_publisher_01.cpp.o[0m
[5.010s] [ 75%] [32m[1mLinking CXX executable topic_publisher_01[0m
[5.157s] [ 75%] Built target topic_publisher_01
[7.950s] [100%] [32m[1mLinking CXX executable topic_subscribe_01[0m
[8.200s] [100%] Built target topic_subscribe_01
[8.207s] Invoked command in '/home/lisii/Documents/Github-repos/TransferStation/1_Projects/Current/ROS2_learning/example_topic_rclcpp/build/example_topic_rclcpp' returned '0': CMAKE_PREFIX_PATH=/opt/ros/humble /usr/bin/cmake --build /home/lisii/Documents/Github-repos/TransferStation/1_Projects/Current/ROS2_learning/example_topic_rclcpp/build/example_topic_rclcpp -- -j12 -l12
[8.231s] Invoking command in '/home/lisii/Documents/Github-repos/TransferStation/1_Projects/Current/ROS2_learning/example_topic_rclcpp/build/example_topic_rclcpp': CMAKE_PREFIX_PATH=/opt/ros/humble /usr/bin/cmake --install /home/lisii/Documents/Github-repos/TransferStation/1_Projects/Current/ROS2_learning/example_topic_rclcpp/build/example_topic_rclcpp
[8.235s] -- Install configuration: ""
[8.235s] -- Installing: /home/lisii/Documents/Github-repos/TransferStation/1_Projects/Current/ROS2_learning/example_topic_rclcpp/install/example_topic_rclcpp/share/ament_index/resource_index/package_run_dependencies/example_topic_rclcpp
[8.236s] -- Installing: /home/lisii/Documents/Github-repos/TransferStation/1_Projects/Current/ROS2_learning/example_topic_rclcpp/install/example_topic_rclcpp/share/ament_index/resource_index/parent_prefix_path/example_topic_rclcpp
[8.236s] -- Installing: /home/lisii/Documents/Github-repos/TransferStation/1_Projects/Current/ROS2_learning/example_topic_rclcpp/install/example_topic_rclcpp/share/example_topic_rclcpp/environment/ament_prefix_path.sh
[8.236s] -- Installing: /home/lisii/Documents/Github-repos/TransferStation/1_Projects/Current/ROS2_learning/example_topic_rclcpp/install/example_topic_rclcpp/share/example_topic_rclcpp/environment/ament_prefix_path.dsv
[8.236s] -- Installing: /home/lisii/Documents/Github-repos/TransferStation/1_Projects/Current/ROS2_learning/example_topic_rclcpp/install/example_topic_rclcpp/share/example_topic_rclcpp/environment/path.sh
[8.236s] -- Installing: /home/lisii/Documents/Github-repos/TransferStation/1_Projects/Current/ROS2_learning/example_topic_rclcpp/install/example_topic_rclcpp/share/example_topic_rclcpp/environment/path.dsv
[8.236s] -- Installing: /home/lisii/Documents/Github-repos/TransferStation/1_Projects/Current/ROS2_learning/example_topic_rclcpp/install/example_topic_rclcpp/share/example_topic_rclcpp/local_setup.bash
[8.236s] -- Installing: /home/lisii/Documents/Github-repos/TransferStation/1_Projects/Current/ROS2_learning/example_topic_rclcpp/install/example_topic_rclcpp/share/example_topic_rclcpp/local_setup.sh
[8.236s] -- Installing: /home/lisii/Documents/Github-repos/TransferStation/1_Projects/Current/ROS2_learning/example_topic_rclcpp/install/example_topic_rclcpp/share/example_topic_rclcpp/local_setup.zsh
[8.236s] -- Installing: /home/lisii/Documents/Github-repos/TransferStation/1_Projects/Current/ROS2_learning/example_topic_rclcpp/install/example_topic_rclcpp/share/example_topic_rclcpp/local_setup.dsv
[8.236s] -- Installing: /home/lisii/Documents/Github-repos/TransferStation/1_Projects/Current/ROS2_learning/example_topic_rclcpp/install/example_topic_rclcpp/share/example_topic_rclcpp/package.dsv
[8.237s] -- Installing: /home/lisii/Documents/Github-repos/TransferStation/1_Projects/Current/ROS2_learning/example_topic_rclcpp/install/example_topic_rclcpp/share/ament_index/resource_index/packages/example_topic_rclcpp
[8.237s] -- Installing: /home/lisii/Documents/Github-repos/TransferStation/1_Projects/Current/ROS2_learning/example_topic_rclcpp/install/example_topic_rclcpp/share/example_topic_rclcpp/cmake/example_topic_rclcppConfig.cmake
[8.237s] -- Installing: /home/lisii/Documents/Github-repos/TransferStation/1_Projects/Current/ROS2_learning/example_topic_rclcpp/install/example_topic_rclcpp/share/example_topic_rclcpp/cmake/example_topic_rclcppConfig-version.cmake
[8.237s] -- Installing: /home/lisii/Documents/Github-repos/TransferStation/1_Projects/Current/ROS2_learning/example_topic_rclcpp/install/example_topic_rclcpp/share/example_topic_rclcpp/package.xml
[8.237s] -- Installing: /home/lisii/Documents/Github-repos/TransferStation/1_Projects/Current/ROS2_learning/example_topic_rclcpp/install/example_topic_rclcpp/lib/example_topic_rclcpp/topic_publisher_01
[8.238s] -- Set runtime path of "/home/lisii/Documents/Github-repos/TransferStation/1_Projects/Current/ROS2_learning/example_topic_rclcpp/install/example_topic_rclcpp/lib/example_topic_rclcpp/topic_publisher_01" to ""
[8.238s] -- Installing: /home/lisii/Documents/Github-repos/TransferStation/1_Projects/Current/ROS2_learning/example_topic_rclcpp/install/example_topic_rclcpp/lib/example_topic_rclcpp/topic_subscribe_01
[8.240s] -- Set runtime path of "/home/lisii/Documents/Github-repos/TransferStation/1_Projects/Current/ROS2_learning/example_topic_rclcpp/install/example_topic_rclcpp/lib/example_topic_rclcpp/topic_subscribe_01" to ""
[8.242s] Invoked command in '/home/lisii/Documents/Github-repos/TransferStation/1_Projects/Current/ROS2_learning/example_topic_rclcpp/build/example_topic_rclcpp' returned '0': CMAKE_PREFIX_PATH=/opt/ros/humble /usr/bin/cmake --install /home/lisii/Documents/Github-repos/TransferStation/1_Projects/Current/ROS2_learning/example_topic_rclcpp/build/example_topic_rclcpp
