/home/lisii/Documents/Github-repos/TransferStation/1_Projects/Current/Radar_alliance/radar_yolov5_py/install/radar_yolov5_py/lib/python3.10/site-packages/radar_yolov5_py/points_publisher.py
/home/lisii/Documents/Github-repos/TransferStation/1_Projects/Current/Radar_alliance/radar_yolov5_py/install/radar_yolov5_py/lib/python3.10/site-packages/radar_yolov5_py/hubconf.py
/home/lisii/Documents/Github-repos/TransferStation/1_Projects/Current/Radar_alliance/radar_yolov5_py/install/radar_yolov5_py/lib/python3.10/site-packages/radar_yolov5_py/__init__.py
/home/lisii/Documents/Github-repos/TransferStation/1_Projects/Current/Radar_alliance/radar_yolov5_py/install/radar_yolov5_py/lib/python3.10/site-packages/radar_yolov5_py/models/experimental.py
/home/lisii/Documents/Github-repos/TransferStation/1_Projects/Current/Radar_alliance/radar_yolov5_py/install/radar_yolov5_py/lib/python3.10/site-packages/radar_yolov5_py/models/common.py
/home/lisii/Documents/Github-repos/TransferStation/1_Projects/Current/Radar_alliance/radar_yolov5_py/install/radar_yolov5_py/lib/python3.10/site-packages/radar_yolov5_py/models/__init__.py
/home/lisii/Documents/Github-repos/TransferStation/1_Projects/Current/Radar_alliance/radar_yolov5_py/install/radar_yolov5_py/lib/python3.10/site-packages/radar_yolov5_py/models/tf.py
/home/lisii/Documents/Github-repos/TransferStation/1_Projects/Current/Radar_alliance/radar_yolov5_py/install/radar_yolov5_py/lib/python3.10/site-packages/radar_yolov5_py/models/yolo.py
/home/lisii/Documents/Github-repos/TransferStation/1_Projects/Current/Radar_alliance/radar_yolov5_py/install/radar_yolov5_py/lib/python3.10/site-packages/radar_yolov5_py/utils/activations.py
/home/lisii/Documents/Github-repos/TransferStation/1_Projects/Current/Radar_alliance/radar_yolov5_py/install/radar_yolov5_py/lib/python3.10/site-packages/radar_yolov5_py/utils/dataloaders.py
/home/lisii/Documents/Github-repos/TransferStation/1_Projects/Current/Radar_alliance/radar_yolov5_py/install/radar_yolov5_py/lib/python3.10/site-packages/radar_yolov5_py/utils/general.py
/home/lisii/Documents/Github-repos/TransferStation/1_Projects/Current/Radar_alliance/radar_yolov5_py/install/radar_yolov5_py/lib/python3.10/site-packages/radar_yolov5_py/utils/metrics.py
/home/lisii/Documents/Github-repos/TransferStation/1_Projects/Current/Radar_alliance/radar_yolov5_py/install/radar_yolov5_py/lib/python3.10/site-packages/radar_yolov5_py/utils/plots.py
/home/lisii/Documents/Github-repos/TransferStation/1_Projects/Current/Radar_alliance/radar_yolov5_py/install/radar_yolov5_py/lib/python3.10/site-packages/radar_yolov5_py/utils/__init__.py
/home/lisii/Documents/Github-repos/TransferStation/1_Projects/Current/Radar_alliance/radar_yolov5_py/install/radar_yolov5_py/lib/python3.10/site-packages/radar_yolov5_py/utils/augmentations.py
/home/lisii/Documents/Github-repos/TransferStation/1_Projects/Current/Radar_alliance/radar_yolov5_py/install/radar_yolov5_py/lib/python3.10/site-packages/radar_yolov5_py/utils/autoanchor.py
/home/lisii/Documents/Github-repos/TransferStation/1_Projects/Current/Radar_alliance/radar_yolov5_py/install/radar_yolov5_py/lib/python3.10/site-packages/radar_yolov5_py/utils/callbacks.py
/home/lisii/Documents/Github-repos/TransferStation/1_Projects/Current/Radar_alliance/radar_yolov5_py/install/radar_yolov5_py/lib/python3.10/site-packages/radar_yolov5_py/utils/downloads.py
/home/lisii/Documents/Github-repos/TransferStation/1_Projects/Current/Radar_alliance/radar_yolov5_py/install/radar_yolov5_py/lib/python3.10/site-packages/radar_yolov5_py/utils/torch_utils.py
/home/lisii/Documents/Github-repos/TransferStation/1_Projects/Current/Radar_alliance/radar_yolov5_py/install/radar_yolov5_py/lib/python3.10/site-packages/radar_yolov5_py/utils/triton.py
/home/lisii/Documents/Github-repos/TransferStation/1_Projects/Current/Radar_alliance/radar_yolov5_py/install/radar_yolov5_py/lib/python3.10/site-packages/radar_yolov5_py/utils/loss.py
/home/lisii/Documents/Github-repos/TransferStation/1_Projects/Current/Radar_alliance/radar_yolov5_py/install/radar_yolov5_py/lib/python3.10/site-packages/radar_yolov5_py/utils/autobatch.py
/home/lisii/Documents/Github-repos/TransferStation/1_Projects/Current/Radar_alliance/radar_yolov5_py/install/radar_yolov5_py/lib/python3.10/site-packages/radar_yolov5_py/utils/aws/resume.py
/home/lisii/Documents/Github-repos/TransferStation/1_Projects/Current/Radar_alliance/radar_yolov5_py/install/radar_yolov5_py/lib/python3.10/site-packages/radar_yolov5_py/utils/aws/__init__.py
/home/lisii/Documents/Github-repos/TransferStation/1_Projects/Current/Radar_alliance/radar_yolov5_py/install/radar_yolov5_py/lib/python3.10/site-packages/radar_yolov5_py/utils/loggers/__init__.py
/home/lisii/Documents/Github-repos/TransferStation/1_Projects/Current/Radar_alliance/radar_yolov5_py/install/radar_yolov5_py/lib/python3.10/site-packages/radar_yolov5_py/utils/segment/dataloaders.py
/home/lisii/Documents/Github-repos/TransferStation/1_Projects/Current/Radar_alliance/radar_yolov5_py/install/radar_yolov5_py/lib/python3.10/site-packages/radar_yolov5_py/utils/segment/general.py
/home/lisii/Documents/Github-repos/TransferStation/1_Projects/Current/Radar_alliance/radar_yolov5_py/install/radar_yolov5_py/lib/python3.10/site-packages/radar_yolov5_py/utils/segment/metrics.py
/home/lisii/Documents/Github-repos/TransferStation/1_Projects/Current/Radar_alliance/radar_yolov5_py/install/radar_yolov5_py/lib/python3.10/site-packages/radar_yolov5_py/utils/segment/plots.py
/home/lisii/Documents/Github-repos/TransferStation/1_Projects/Current/Radar_alliance/radar_yolov5_py/install/radar_yolov5_py/lib/python3.10/site-packages/radar_yolov5_py/utils/segment/__init__.py
/home/lisii/Documents/Github-repos/TransferStation/1_Projects/Current/Radar_alliance/radar_yolov5_py/install/radar_yolov5_py/lib/python3.10/site-packages/radar_yolov5_py/utils/segment/augmentations.py
/home/lisii/Documents/Github-repos/TransferStation/1_Projects/Current/Radar_alliance/radar_yolov5_py/install/radar_yolov5_py/lib/python3.10/site-packages/radar_yolov5_py/utils/segment/loss.py
/home/lisii/Documents/Github-repos/TransferStation/1_Projects/Current/Radar_alliance/radar_yolov5_py/install/radar_yolov5_py/lib/python3.10/site-packages/radar_yolov5_py/utils/loggers/wandb/wandb_utils.py
/home/lisii/Documents/Github-repos/TransferStation/1_Projects/Current/Radar_alliance/radar_yolov5_py/install/radar_yolov5_py/lib/python3.10/site-packages/radar_yolov5_py/utils/loggers/wandb/__init__.py
/home/lisii/Documents/Github-repos/TransferStation/1_Projects/Current/Radar_alliance/radar_yolov5_py/install/radar_yolov5_py/lib/python3.10/site-packages/radar_yolov5_py/utils/loggers/comet/comet_utils.py
/home/lisii/Documents/Github-repos/TransferStation/1_Projects/Current/Radar_alliance/radar_yolov5_py/install/radar_yolov5_py/lib/python3.10/site-packages/radar_yolov5_py/utils/loggers/comet/hpo.py
/home/lisii/Documents/Github-repos/TransferStation/1_Projects/Current/Radar_alliance/radar_yolov5_py/install/radar_yolov5_py/lib/python3.10/site-packages/radar_yolov5_py/utils/loggers/comet/__init__.py
/home/lisii/Documents/Github-repos/TransferStation/1_Projects/Current/Radar_alliance/radar_yolov5_py/install/radar_yolov5_py/lib/python3.10/site-packages/radar_yolov5_py/utils/loggers/clearml/hpo.py
/home/lisii/Documents/Github-repos/TransferStation/1_Projects/Current/Radar_alliance/radar_yolov5_py/install/radar_yolov5_py/lib/python3.10/site-packages/radar_yolov5_py/utils/loggers/clearml/clearml_utils.py
/home/lisii/Documents/Github-repos/TransferStation/1_Projects/Current/Radar_alliance/radar_yolov5_py/install/radar_yolov5_py/lib/python3.10/site-packages/radar_yolov5_py/utils/loggers/clearml/__init__.py
/home/lisii/Documents/Github-repos/TransferStation/1_Projects/Current/Radar_alliance/radar_yolov5_py/install/radar_yolov5_py/lib/python3.10/site-packages/radar_yolov5_py/__pycache__/points_publisher.cpython-310.pyc
/home/lisii/Documents/Github-repos/TransferStation/1_Projects/Current/Radar_alliance/radar_yolov5_py/install/radar_yolov5_py/lib/python3.10/site-packages/radar_yolov5_py/__pycache__/hubconf.cpython-310.pyc
/home/lisii/Documents/Github-repos/TransferStation/1_Projects/Current/Radar_alliance/radar_yolov5_py/install/radar_yolov5_py/lib/python3.10/site-packages/radar_yolov5_py/__pycache__/__init__.cpython-310.pyc
/home/lisii/Documents/Github-repos/TransferStation/1_Projects/Current/Radar_alliance/radar_yolov5_py/install/radar_yolov5_py/lib/python3.10/site-packages/radar_yolov5_py/models/__pycache__/experimental.cpython-310.pyc
/home/lisii/Documents/Github-repos/TransferStation/1_Projects/Current/Radar_alliance/radar_yolov5_py/install/radar_yolov5_py/lib/python3.10/site-packages/radar_yolov5_py/models/__pycache__/common.cpython-310.pyc
/home/lisii/Documents/Github-repos/TransferStation/1_Projects/Current/Radar_alliance/radar_yolov5_py/install/radar_yolov5_py/lib/python3.10/site-packages/radar_yolov5_py/models/__pycache__/__init__.cpython-310.pyc
/home/lisii/Documents/Github-repos/TransferStation/1_Projects/Current/Radar_alliance/radar_yolov5_py/install/radar_yolov5_py/lib/python3.10/site-packages/radar_yolov5_py/models/__pycache__/tf.cpython-310.pyc
/home/lisii/Documents/Github-repos/TransferStation/1_Projects/Current/Radar_alliance/radar_yolov5_py/install/radar_yolov5_py/lib/python3.10/site-packages/radar_yolov5_py/models/__pycache__/yolo.cpython-310.pyc
/home/lisii/Documents/Github-repos/TransferStation/1_Projects/Current/Radar_alliance/radar_yolov5_py/install/radar_yolov5_py/lib/python3.10/site-packages/radar_yolov5_py/utils/__pycache__/activations.cpython-310.pyc
/home/lisii/Documents/Github-repos/TransferStation/1_Projects/Current/Radar_alliance/radar_yolov5_py/install/radar_yolov5_py/lib/python3.10/site-packages/radar_yolov5_py/utils/__pycache__/dataloaders.cpython-310.pyc
/home/lisii/Documents/Github-repos/TransferStation/1_Projects/Current/Radar_alliance/radar_yolov5_py/install/radar_yolov5_py/lib/python3.10/site-packages/radar_yolov5_py/utils/__pycache__/general.cpython-310.pyc
/home/lisii/Documents/Github-repos/TransferStation/1_Projects/Current/Radar_alliance/radar_yolov5_py/install/radar_yolov5_py/lib/python3.10/site-packages/radar_yolov5_py/utils/__pycache__/metrics.cpython-310.pyc
/home/lisii/Documents/Github-repos/TransferStation/1_Projects/Current/Radar_alliance/radar_yolov5_py/install/radar_yolov5_py/lib/python3.10/site-packages/radar_yolov5_py/utils/__pycache__/plots.cpython-310.pyc
/home/lisii/Documents/Github-repos/TransferStation/1_Projects/Current/Radar_alliance/radar_yolov5_py/install/radar_yolov5_py/lib/python3.10/site-packages/radar_yolov5_py/utils/__pycache__/__init__.cpython-310.pyc
/home/lisii/Documents/Github-repos/TransferStation/1_Projects/Current/Radar_alliance/radar_yolov5_py/install/radar_yolov5_py/lib/python3.10/site-packages/radar_yolov5_py/utils/__pycache__/augmentations.cpython-310.pyc
/home/lisii/Documents/Github-repos/TransferStation/1_Projects/Current/Radar_alliance/radar_yolov5_py/install/radar_yolov5_py/lib/python3.10/site-packages/radar_yolov5_py/utils/__pycache__/autoanchor.cpython-310.pyc
/home/lisii/Documents/Github-repos/TransferStation/1_Projects/Current/Radar_alliance/radar_yolov5_py/install/radar_yolov5_py/lib/python3.10/site-packages/radar_yolov5_py/utils/__pycache__/callbacks.cpython-310.pyc
/home/lisii/Documents/Github-repos/TransferStation/1_Projects/Current/Radar_alliance/radar_yolov5_py/install/radar_yolov5_py/lib/python3.10/site-packages/radar_yolov5_py/utils/__pycache__/downloads.cpython-310.pyc
/home/lisii/Documents/Github-repos/TransferStation/1_Projects/Current/Radar_alliance/radar_yolov5_py/install/radar_yolov5_py/lib/python3.10/site-packages/radar_yolov5_py/utils/__pycache__/torch_utils.cpython-310.pyc
/home/lisii/Documents/Github-repos/TransferStation/1_Projects/Current/Radar_alliance/radar_yolov5_py/install/radar_yolov5_py/lib/python3.10/site-packages/radar_yolov5_py/utils/__pycache__/triton.cpython-310.pyc
/home/lisii/Documents/Github-repos/TransferStation/1_Projects/Current/Radar_alliance/radar_yolov5_py/install/radar_yolov5_py/lib/python3.10/site-packages/radar_yolov5_py/utils/__pycache__/loss.cpython-310.pyc
/home/lisii/Documents/Github-repos/TransferStation/1_Projects/Current/Radar_alliance/radar_yolov5_py/install/radar_yolov5_py/lib/python3.10/site-packages/radar_yolov5_py/utils/__pycache__/autobatch.cpython-310.pyc
/home/lisii/Documents/Github-repos/TransferStation/1_Projects/Current/Radar_alliance/radar_yolov5_py/install/radar_yolov5_py/lib/python3.10/site-packages/radar_yolov5_py/utils/aws/__pycache__/resume.cpython-310.pyc
/home/lisii/Documents/Github-repos/TransferStation/1_Projects/Current/Radar_alliance/radar_yolov5_py/install/radar_yolov5_py/lib/python3.10/site-packages/radar_yolov5_py/utils/aws/__pycache__/__init__.cpython-310.pyc
/home/lisii/Documents/Github-repos/TransferStation/1_Projects/Current/Radar_alliance/radar_yolov5_py/install/radar_yolov5_py/lib/python3.10/site-packages/radar_yolov5_py/utils/loggers/__pycache__/__init__.cpython-310.pyc
/home/lisii/Documents/Github-repos/TransferStation/1_Projects/Current/Radar_alliance/radar_yolov5_py/install/radar_yolov5_py/lib/python3.10/site-packages/radar_yolov5_py/utils/segment/__pycache__/dataloaders.cpython-310.pyc
/home/lisii/Documents/Github-repos/TransferStation/1_Projects/Current/Radar_alliance/radar_yolov5_py/install/radar_yolov5_py/lib/python3.10/site-packages/radar_yolov5_py/utils/segment/__pycache__/general.cpython-310.pyc
/home/lisii/Documents/Github-repos/TransferStation/1_Projects/Current/Radar_alliance/radar_yolov5_py/install/radar_yolov5_py/lib/python3.10/site-packages/radar_yolov5_py/utils/segment/__pycache__/metrics.cpython-310.pyc
/home/lisii/Documents/Github-repos/TransferStation/1_Projects/Current/Radar_alliance/radar_yolov5_py/install/radar_yolov5_py/lib/python3.10/site-packages/radar_yolov5_py/utils/segment/__pycache__/plots.cpython-310.pyc
/home/lisii/Documents/Github-repos/TransferStation/1_Projects/Current/Radar_alliance/radar_yolov5_py/install/radar_yolov5_py/lib/python3.10/site-packages/radar_yolov5_py/utils/segment/__pycache__/__init__.cpython-310.pyc
/home/lisii/Documents/Github-repos/TransferStation/1_Projects/Current/Radar_alliance/radar_yolov5_py/install/radar_yolov5_py/lib/python3.10/site-packages/radar_yolov5_py/utils/segment/__pycache__/augmentations.cpython-310.pyc
/home/lisii/Documents/Github-repos/TransferStation/1_Projects/Current/Radar_alliance/radar_yolov5_py/install/radar_yolov5_py/lib/python3.10/site-packages/radar_yolov5_py/utils/segment/__pycache__/loss.cpython-310.pyc
/home/lisii/Documents/Github-repos/TransferStation/1_Projects/Current/Radar_alliance/radar_yolov5_py/install/radar_yolov5_py/lib/python3.10/site-packages/radar_yolov5_py/utils/loggers/wandb/__pycache__/wandb_utils.cpython-310.pyc
/home/lisii/Documents/Github-repos/TransferStation/1_Projects/Current/Radar_alliance/radar_yolov5_py/install/radar_yolov5_py/lib/python3.10/site-packages/radar_yolov5_py/utils/loggers/wandb/__pycache__/__init__.cpython-310.pyc
/home/lisii/Documents/Github-repos/TransferStation/1_Projects/Current/Radar_alliance/radar_yolov5_py/install/radar_yolov5_py/lib/python3.10/site-packages/radar_yolov5_py/utils/loggers/comet/__pycache__/comet_utils.cpython-310.pyc
/home/lisii/Documents/Github-repos/TransferStation/1_Projects/Current/Radar_alliance/radar_yolov5_py/install/radar_yolov5_py/lib/python3.10/site-packages/radar_yolov5_py/utils/loggers/comet/__pycache__/hpo.cpython-310.pyc
/home/lisii/Documents/Github-repos/TransferStation/1_Projects/Current/Radar_alliance/radar_yolov5_py/install/radar_yolov5_py/lib/python3.10/site-packages/radar_yolov5_py/utils/loggers/comet/__pycache__/__init__.cpython-310.pyc
/home/lisii/Documents/Github-repos/TransferStation/1_Projects/Current/Radar_alliance/radar_yolov5_py/install/radar_yolov5_py/lib/python3.10/site-packages/radar_yolov5_py/utils/loggers/clearml/__pycache__/hpo.cpython-310.pyc
/home/lisii/Documents/Github-repos/TransferStation/1_Projects/Current/Radar_alliance/radar_yolov5_py/install/radar_yolov5_py/lib/python3.10/site-packages/radar_yolov5_py/utils/loggers/clearml/__pycache__/clearml_utils.cpython-310.pyc
/home/lisii/Documents/Github-repos/TransferStation/1_Projects/Current/Radar_alliance/radar_yolov5_py/install/radar_yolov5_py/lib/python3.10/site-packages/radar_yolov5_py/utils/loggers/clearml/__pycache__/__init__.cpython-310.pyc
/home/lisii/Documents/Github-repos/TransferStation/1_Projects/Current/Radar_alliance/radar_yolov5_py/install/radar_yolov5_py/share/ament_index/resource_index/packages/radar_yolov5_py
/home/lisii/Documents/Github-repos/TransferStation/1_Projects/Current/Radar_alliance/radar_yolov5_py/install/radar_yolov5_py/share/radar_yolov5_py/package.xml
/home/lisii/Documents/Github-repos/TransferStation/1_Projects/Current/Radar_alliance/radar_yolov5_py/install/radar_yolov5_py/lib/python3.10/site-packages/radar_yolov5_py-0.0.0-py3.10.egg-info/dependency_links.txt
/home/lisii/Documents/Github-repos/TransferStation/1_Projects/Current/Radar_alliance/radar_yolov5_py/install/radar_yolov5_py/lib/python3.10/site-packages/radar_yolov5_py-0.0.0-py3.10.egg-info/zip-safe
/home/lisii/Documents/Github-repos/TransferStation/1_Projects/Current/Radar_alliance/radar_yolov5_py/install/radar_yolov5_py/lib/python3.10/site-packages/radar_yolov5_py-0.0.0-py3.10.egg-info/requires.txt
/home/lisii/Documents/Github-repos/TransferStation/1_Projects/Current/Radar_alliance/radar_yolov5_py/install/radar_yolov5_py/lib/python3.10/site-packages/radar_yolov5_py-0.0.0-py3.10.egg-info/PKG-INFO
/home/lisii/Documents/Github-repos/TransferStation/1_Projects/Current/Radar_alliance/radar_yolov5_py/install/radar_yolov5_py/lib/python3.10/site-packages/radar_yolov5_py-0.0.0-py3.10.egg-info/entry_points.txt
/home/lisii/Documents/Github-repos/TransferStation/1_Projects/Current/Radar_alliance/radar_yolov5_py/install/radar_yolov5_py/lib/python3.10/site-packages/radar_yolov5_py-0.0.0-py3.10.egg-info/top_level.txt
/home/lisii/Documents/Github-repos/TransferStation/1_Projects/Current/Radar_alliance/radar_yolov5_py/install/radar_yolov5_py/lib/python3.10/site-packages/radar_yolov5_py-0.0.0-py3.10.egg-info/SOURCES.txt
/home/lisii/Documents/Github-repos/TransferStation/1_Projects/Current/Radar_alliance/radar_yolov5_py/install/radar_yolov5_py/lib/radar_yolov5_py/points_publisher
