running egg_info
creating ../build/example_topic_rclpy/example_topic_rclpy.egg-info
writing ../build/example_topic_rclpy/example_topic_rclpy.egg-info/PKG-INFO
writing dependency_links to ../build/example_topic_rclpy/example_topic_rclpy.egg-info/dependency_links.txt
writing entry points to ../build/example_topic_rclpy/example_topic_rclpy.egg-info/entry_points.txt
writing requirements to ../build/example_topic_rclpy/example_topic_rclpy.egg-info/requires.txt
writing top-level names to ../build/example_topic_rclpy/example_topic_rclpy.egg-info/top_level.txt
writing manifest file '../build/example_topic_rclpy/example_topic_rclpy.egg-info/SOURCES.txt'
reading manifest file '../build/example_topic_rclpy/example_topic_rclpy.egg-info/SOURCES.txt'
writing manifest file '../build/example_topic_rclpy/example_topic_rclpy.egg-info/SOURCES.txt'
running build
running build_py
creating /home/lisii/Documents/Github-repos/TransferStation/1_Projects/Current/ROS2_learning/build/example_topic_rclpy/build
creating /home/lisii/Documents/Github-repos/TransferStation/1_Projects/Current/ROS2_learning/build/example_topic_rclpy/build/lib
creating /home/lisii/Documents/Github-repos/TransferStation/1_Projects/Current/ROS2_learning/build/example_topic_rclpy/build/lib/example_topic_rclpy
copying example_topic_rclpy/topic_publisher_02.py -> /home/lisii/Documents/Github-repos/TransferStation/1_Projects/Current/ROS2_learning/build/example_topic_rclpy/build/lib/example_topic_rclpy
copying example_topic_rclpy/__init__.py -> /home/lisii/Documents/Github-repos/TransferStation/1_Projects/Current/ROS2_learning/build/example_topic_rclpy/build/lib/example_topic_rclpy
running install
/home/lisii/.local/lib/python3.10/site-packages/setuptools/_distutils/cmd.py:66: SetuptoolsDeprecationWarning: setup.py install is deprecated.
!!

        ********************************************************************************
        Please avoid running ``setup.py`` directly.
        Instead, use pypa/build, pypa/installer or other
        standards-based tools.

        See https://blog.ganssle.io/articles/2021/10/setup-py-deprecated.html for details.
        ********************************************************************************

!!
  self.initialize_options()
running install_lib
creating /home/lisii/Documents/Github-repos/TransferStation/1_Projects/Current/ROS2_learning/install/example_topic_rclpy/lib/python3.10/site-packages/example_topic_rclpy
copying /home/lisii/Documents/Github-repos/TransferStation/1_Projects/Current/ROS2_learning/build/example_topic_rclpy/build/lib/example_topic_rclpy/topic_publisher_02.py -> /home/lisii/Documents/Github-repos/TransferStation/1_Projects/Current/ROS2_learning/install/example_topic_rclpy/lib/python3.10/site-packages/example_topic_rclpy
copying /home/lisii/Documents/Github-repos/TransferStation/1_Projects/Current/ROS2_learning/build/example_topic_rclpy/build/lib/example_topic_rclpy/__init__.py -> /home/lisii/Documents/Github-repos/TransferStation/1_Projects/Current/ROS2_learning/install/example_topic_rclpy/lib/python3.10/site-packages/example_topic_rclpy
byte-compiling /home/lisii/Documents/Github-repos/TransferStation/1_Projects/Current/ROS2_learning/install/example_topic_rclpy/lib/python3.10/site-packages/example_topic_rclpy/topic_publisher_02.py to topic_publisher_02.cpython-310.pyc
byte-compiling /home/lisii/Documents/Github-repos/TransferStation/1_Projects/Current/ROS2_learning/install/example_topic_rclpy/lib/python3.10/site-packages/example_topic_rclpy/__init__.py to __init__.cpython-310.pyc
running install_data
creating /home/lisii/Documents/Github-repos/TransferStation/1_Projects/Current/ROS2_learning/install/example_topic_rclpy/share/ament_index
creating /home/lisii/Documents/Github-repos/TransferStation/1_Projects/Current/ROS2_learning/install/example_topic_rclpy/share/ament_index/resource_index
creating /home/lisii/Documents/Github-repos/TransferStation/1_Projects/Current/ROS2_learning/install/example_topic_rclpy/share/ament_index/resource_index/packages
copying resource/example_topic_rclpy -> /home/lisii/Documents/Github-repos/TransferStation/1_Projects/Current/ROS2_learning/install/example_topic_rclpy/share/ament_index/resource_index/packages
copying package.xml -> /home/lisii/Documents/Github-repos/TransferStation/1_Projects/Current/ROS2_learning/install/example_topic_rclpy/share/example_topic_rclpy
running install_egg_info
Copying ../build/example_topic_rclpy/example_topic_rclpy.egg-info to /home/lisii/Documents/Github-repos/TransferStation/1_Projects/Current/ROS2_learning/install/example_topic_rclpy/lib/python3.10/site-packages/example_topic_rclpy-0.0.0-py3.10.egg-info
running install_scripts
Installing topic_publisher_02 script to /home/lisii/Documents/Github-repos/TransferStation/1_Projects/Current/ROS2_learning/install/example_topic_rclpy/lib/example_topic_rclpy
writing list of installed files to '/home/lisii/Documents/Github-repos/TransferStation/1_Projects/Current/ROS2_learning/build/example_topic_rclpy/install.log'
