[0.752s] Invoking command in '/home/lisii/Documents/Github-repos/TransferStation/1_Projects/Current/ROS2_learning/example_topic_rclpy': PYTHONPATH=/home/lisii/Documents/Github-repos/TransferStation/1_Projects/Current/ROS2_learning/build/example_topic_rclpy/prefix_override:/home/lisii/Documents/Github-repos/TransferStation/1_Projects/Current/ROS2_learning/install/example_topic_rclpy/lib/python3.10/site-packages:${PYTHONPATH} /usr/bin/python3 setup.py egg_info --egg-base ../build/example_topic_rclpy build --build-base /home/lisii/Documents/Github-repos/TransferStation/1_Projects/Current/ROS2_learning/build/example_topic_rclpy/build install --record /home/lisii/Documents/Github-repos/TransferStation/1_Projects/Current/ROS2_learning/build/example_topic_rclpy/install.log --single-version-externally-managed
[0.935s] running egg_info
[0.936s] creating ../build/example_topic_rclpy/example_topic_rclpy.egg-info
[0.949s] writing ../build/example_topic_rclpy/example_topic_rclpy.egg-info/PKG-INFO
[0.950s] writing dependency_links to ../build/example_topic_rclpy/example_topic_rclpy.egg-info/dependency_links.txt
[0.950s] writing entry points to ../build/example_topic_rclpy/example_topic_rclpy.egg-info/entry_points.txt
[0.950s] writing requirements to ../build/example_topic_rclpy/example_topic_rclpy.egg-info/requires.txt
[0.950s] writing top-level names to ../build/example_topic_rclpy/example_topic_rclpy.egg-info/top_level.txt
[0.950s] writing manifest file '../build/example_topic_rclpy/example_topic_rclpy.egg-info/SOURCES.txt'
[0.978s] reading manifest file '../build/example_topic_rclpy/example_topic_rclpy.egg-info/SOURCES.txt'
[0.979s] writing manifest file '../build/example_topic_rclpy/example_topic_rclpy.egg-info/SOURCES.txt'
[0.979s] running build
[0.979s] running build_py
[0.979s] creating /home/lisii/Documents/Github-repos/TransferStation/1_Projects/Current/ROS2_learning/build/example_topic_rclpy/build
[0.980s] creating /home/lisii/Documents/Github-repos/TransferStation/1_Projects/Current/ROS2_learning/build/example_topic_rclpy/build/lib
[0.980s] creating /home/lisii/Documents/Github-repos/TransferStation/1_Projects/Current/ROS2_learning/build/example_topic_rclpy/build/lib/example_topic_rclpy
[0.980s] copying example_topic_rclpy/topic_publisher_02.py -> /home/lisii/Documents/Github-repos/TransferStation/1_Projects/Current/ROS2_learning/build/example_topic_rclpy/build/lib/example_topic_rclpy
[0.980s] copying example_topic_rclpy/__init__.py -> /home/lisii/Documents/Github-repos/TransferStation/1_Projects/Current/ROS2_learning/build/example_topic_rclpy/build/lib/example_topic_rclpy
[0.980s] running install
[0.981s] /home/lisii/.local/lib/python3.10/site-packages/setuptools/_distutils/cmd.py:66: SetuptoolsDeprecationWarning: setup.py install is deprecated.
[0.981s] !!
[0.981s] 
[0.981s]         ********************************************************************************
[0.981s]         Please avoid running ``setup.py`` directly.
[0.981s]         Instead, use pypa/build, pypa/installer or other
[0.981s]         standards-based tools.
[0.981s] 
[0.981s]         See https://blog.ganssle.io/articles/2021/10/setup-py-deprecated.html for details.
[0.981s]         ********************************************************************************
[0.981s] 
[0.981s] !!
[0.981s]   self.initialize_options()
[0.985s] running install_lib
[0.999s] creating /home/lisii/Documents/Github-repos/TransferStation/1_Projects/Current/ROS2_learning/install/example_topic_rclpy/lib/python3.10/site-packages/example_topic_rclpy
[0.999s] copying /home/lisii/Documents/Github-repos/TransferStation/1_Projects/Current/ROS2_learning/build/example_topic_rclpy/build/lib/example_topic_rclpy/topic_publisher_02.py -> /home/lisii/Documents/Github-repos/TransferStation/1_Projects/Current/ROS2_learning/install/example_topic_rclpy/lib/python3.10/site-packages/example_topic_rclpy
[0.999s] copying /home/lisii/Documents/Github-repos/TransferStation/1_Projects/Current/ROS2_learning/build/example_topic_rclpy/build/lib/example_topic_rclpy/__init__.py -> /home/lisii/Documents/Github-repos/TransferStation/1_Projects/Current/ROS2_learning/install/example_topic_rclpy/lib/python3.10/site-packages/example_topic_rclpy
[1.000s] byte-compiling /home/lisii/Documents/Github-repos/TransferStation/1_Projects/Current/ROS2_learning/install/example_topic_rclpy/lib/python3.10/site-packages/example_topic_rclpy/topic_publisher_02.py to topic_publisher_02.cpython-310.pyc
[1.000s] byte-compiling /home/lisii/Documents/Github-repos/TransferStation/1_Projects/Current/ROS2_learning/install/example_topic_rclpy/lib/python3.10/site-packages/example_topic_rclpy/__init__.py to __init__.cpython-310.pyc
[1.000s] running install_data
[1.014s] creating /home/lisii/Documents/Github-repos/TransferStation/1_Projects/Current/ROS2_learning/install/example_topic_rclpy/share/ament_index
[1.014s] creating /home/lisii/Documents/Github-repos/TransferStation/1_Projects/Current/ROS2_learning/install/example_topic_rclpy/share/ament_index/resource_index
[1.014s] creating /home/lisii/Documents/Github-repos/TransferStation/1_Projects/Current/ROS2_learning/install/example_topic_rclpy/share/ament_index/resource_index/packages
[1.014s] copying resource/example_topic_rclpy -> /home/lisii/Documents/Github-repos/TransferStation/1_Projects/Current/ROS2_learning/install/example_topic_rclpy/share/ament_index/resource_index/packages
[1.014s] copying package.xml -> /home/lisii/Documents/Github-repos/TransferStation/1_Projects/Current/ROS2_learning/install/example_topic_rclpy/share/example_topic_rclpy
[1.014s] running install_egg_info
[1.029s] Copying ../build/example_topic_rclpy/example_topic_rclpy.egg-info to /home/lisii/Documents/Github-repos/TransferStation/1_Projects/Current/ROS2_learning/install/example_topic_rclpy/lib/python3.10/site-packages/example_topic_rclpy-0.0.0-py3.10.egg-info
[1.030s] running install_scripts
[1.151s] Installing topic_publisher_02 script to /home/lisii/Documents/Github-repos/TransferStation/1_Projects/Current/ROS2_learning/install/example_topic_rclpy/lib/example_topic_rclpy
[1.151s] writing list of installed files to '/home/lisii/Documents/Github-repos/TransferStation/1_Projects/Current/ROS2_learning/build/example_topic_rclpy/install.log'
[1.171s] Invoked command in '/home/lisii/Documents/Github-repos/TransferStation/1_Projects/Current/ROS2_learning/example_topic_rclpy' returned '0': PYTHONPATH=/home/lisii/Documents/Github-repos/TransferStation/1_Projects/Current/ROS2_learning/build/example_topic_rclpy/prefix_override:/home/lisii/Documents/Github-repos/TransferStation/1_Projects/Current/ROS2_learning/install/example_topic_rclpy/lib/python3.10/site-packages:${PYTHONPATH} /usr/bin/python3 setup.py egg_info --egg-base ../build/example_topic_rclpy build --build-base /home/lisii/Documents/Github-repos/TransferStation/1_Projects/Current/ROS2_learning/build/example_topic_rclpy/build install --record /home/lisii/Documents/Github-repos/TransferStation/1_Projects/Current/ROS2_learning/build/example_topic_rclpy/install.log --single-version-externally-managed
