[0.712s] Invoking command in '/home/lisii/Documents/Github-repos/TransferStation/1_Projects/Current/ROS2_learning/example_topic_rclpy': PYTHONPATH=/home/lisii/Documents/Github-repos/TransferStation/1_Projects/Current/ROS2_learning/build/example_topic_rclpy/prefix_override:/home/lisii/Documents/Github-repos/TransferStation/1_Projects/Current/ROS2_learning/install/example_topic_rclpy/lib/python3.10/site-packages:${PYTHONPATH} /usr/bin/python3 setup.py egg_info --egg-base ../build/example_topic_rclpy build --build-base /home/lisii/Documents/Github-repos/TransferStation/1_Projects/Current/ROS2_learning/build/example_topic_rclpy/build install --record /home/lisii/Documents/Github-repos/TransferStation/1_Projects/Current/ROS2_learning/build/example_topic_rclpy/install.log --single-version-externally-managed
[0.892s] running egg_info
[0.905s] writing ../build/example_topic_rclpy/example_topic_rclpy.egg-info/PKG-INFO
[0.905s] writing dependency_links to ../build/example_topic_rclpy/example_topic_rclpy.egg-info/dependency_links.txt
[0.906s] writing entry points to ../build/example_topic_rclpy/example_topic_rclpy.egg-info/entry_points.txt
[0.906s] writing requirements to ../build/example_topic_rclpy/example_topic_rclpy.egg-info/requires.txt
[0.906s] writing top-level names to ../build/example_topic_rclpy/example_topic_rclpy.egg-info/top_level.txt
[0.933s] reading manifest file '../build/example_topic_rclpy/example_topic_rclpy.egg-info/SOURCES.txt'
[0.934s] writing manifest file '../build/example_topic_rclpy/example_topic_rclpy.egg-info/SOURCES.txt'
[0.934s] running build
[0.934s] running build_py
[0.934s] copying example_topic_rclpy/topic_publisher_02.py -> /home/lisii/Documents/Github-repos/TransferStation/1_Projects/Current/ROS2_learning/build/example_topic_rclpy/build/lib/example_topic_rclpy
[0.934s] copying example_topic_rclpy/__init__.py -> /home/lisii/Documents/Github-repos/TransferStation/1_Projects/Current/ROS2_learning/build/example_topic_rclpy/build/lib/example_topic_rclpy
[0.935s] running install
[0.935s] /home/lisii/.local/lib/python3.10/site-packages/setuptools/_distutils/cmd.py:66: SetuptoolsDeprecationWarning: setup.py install is deprecated.
[0.935s] !!
[0.935s] 
[0.935s]         ********************************************************************************
[0.935s]         Please avoid running ``setup.py`` directly.
[0.935s]         Instead, use pypa/build, pypa/installer or other
[0.935s]         standards-based tools.
[0.935s] 
[0.935s]         See https://blog.ganssle.io/articles/2021/10/setup-py-deprecated.html for details.
[0.935s]         ********************************************************************************
[0.935s] 
[0.935s] !!
[0.935s]   self.initialize_options()
[0.939s] running install_lib
[0.953s] copying /home/lisii/Documents/Github-repos/TransferStation/1_Projects/Current/ROS2_learning/build/example_topic_rclpy/build/lib/example_topic_rclpy/topic_publisher_02.py -> /home/lisii/Documents/Github-repos/TransferStation/1_Projects/Current/ROS2_learning/install/example_topic_rclpy/lib/python3.10/site-packages/example_topic_rclpy
[0.953s] byte-compiling /home/lisii/Documents/Github-repos/TransferStation/1_Projects/Current/ROS2_learning/install/example_topic_rclpy/lib/python3.10/site-packages/example_topic_rclpy/topic_publisher_02.py to topic_publisher_02.cpython-310.pyc
[0.954s] running install_data
[0.967s] copying resource/example_topic_rclpy -> /home/lisii/Documents/Github-repos/TransferStation/1_Projects/Current/ROS2_learning/install/example_topic_rclpy/share/ament_index/resource_index/packages
[0.968s] copying package.xml -> /home/lisii/Documents/Github-repos/TransferStation/1_Projects/Current/ROS2_learning/install/example_topic_rclpy/share/example_topic_rclpy
[0.968s] running install_egg_info
[0.982s] removing '/home/lisii/Documents/Github-repos/TransferStation/1_Projects/Current/ROS2_learning/install/example_topic_rclpy/lib/python3.10/site-packages/example_topic_rclpy-0.0.0-py3.10.egg-info' (and everything under it)
[0.983s] Copying ../build/example_topic_rclpy/example_topic_rclpy.egg-info to /home/lisii/Documents/Github-repos/TransferStation/1_Projects/Current/ROS2_learning/install/example_topic_rclpy/lib/python3.10/site-packages/example_topic_rclpy-0.0.0-py3.10.egg-info
[0.983s] running install_scripts
[1.104s] Installing topic_publisher_02 script to /home/lisii/Documents/Github-repos/TransferStation/1_Projects/Current/ROS2_learning/install/example_topic_rclpy/lib/example_topic_rclpy
[1.104s] writing list of installed files to '/home/lisii/Documents/Github-repos/TransferStation/1_Projects/Current/ROS2_learning/build/example_topic_rclpy/install.log'
[1.121s] Invoked command in '/home/lisii/Documents/Github-repos/TransferStation/1_Projects/Current/ROS2_learning/example_topic_rclpy' returned '0': PYTHONPATH=/home/lisii/Documents/Github-repos/TransferStation/1_Projects/Current/ROS2_learning/build/example_topic_rclpy/prefix_override:/home/lisii/Documents/Github-repos/TransferStation/1_Projects/Current/ROS2_learning/install/example_topic_rclpy/lib/python3.10/site-packages:${PYTHONPATH} /usr/bin/python3 setup.py egg_info --egg-base ../build/example_topic_rclpy build --build-base /home/lisii/Documents/Github-repos/TransferStation/1_Projects/Current/ROS2_learning/build/example_topic_rclpy/build install --record /home/lisii/Documents/Github-repos/TransferStation/1_Projects/Current/ROS2_learning/build/example_topic_rclpy/install.log --single-version-externally-managed
