[0.071s] Invoking command in '/home/lisii/Documents/Github-repos/TransferStation/1_Projects/Current/ROS2_learning/build/example_topic_rclcpp': CMAKE_PREFIX_PATH=${CMAKE_PREFIX_PATH}:/opt/ros/humble /usr/bin/cmake --build /home/lisii/Documents/Github-repos/TransferStation/1_Projects/Current/ROS2_learning/build/example_topic_rclcpp -- -j12 -l12
[0.100s] [35m[1mConsolidate compiler generated dependencies of target topic_publisher_01[0m
[0.108s] [ 25%] [32mBuilding CXX object CMakeFiles/topic_subscribe_01.dir/src/topic_subscribe_01.cpp.o[0m
[0.111s] [ 75%] Built target topic_publisher_01
[6.251s] [100%] [32m[1mLinking CXX executable topic_subscribe_01[0m
[6.498s] [100%] Built target topic_subscribe_01
[6.505s] Invoked command in '/home/lisii/Documents/Github-repos/TransferStation/1_Projects/Current/ROS2_learning/build/example_topic_rclcpp' returned '0': CMAKE_PREFIX_PATH=${CMAKE_PREFIX_PATH}:/opt/ros/humble /usr/bin/cmake --build /home/lisii/Documents/Github-repos/TransferStation/1_Projects/Current/ROS2_learning/build/example_topic_rclcpp -- -j12 -l12
[6.529s] Invoking command in '/home/lisii/Documents/Github-repos/TransferStation/1_Projects/Current/ROS2_learning/build/example_topic_rclcpp': CMAKE_PREFIX_PATH=${CMAKE_PREFIX_PATH}:/opt/ros/humble /usr/bin/cmake --install /home/lisii/Documents/Github-repos/TransferStation/1_Projects/Current/ROS2_learning/build/example_topic_rclcpp
[6.533s] -- Install configuration: ""
[6.533s] -- Up-to-date: /home/lisii/Documents/Github-repos/TransferStation/1_Projects/Current/ROS2_learning/install/example_topic_rclcpp/share/ament_index/resource_index/package_run_dependencies/example_topic_rclcpp
[6.533s] -- Up-to-date: /home/lisii/Documents/Github-repos/TransferStation/1_Projects/Current/ROS2_learning/install/example_topic_rclcpp/share/ament_index/resource_index/parent_prefix_path/example_topic_rclcpp
[6.533s] -- Up-to-date: /home/lisii/Documents/Github-repos/TransferStation/1_Projects/Current/ROS2_learning/install/example_topic_rclcpp/share/example_topic_rclcpp/environment/ament_prefix_path.sh
[6.534s] -- Up-to-date: /home/lisii/Documents/Github-repos/TransferStation/1_Projects/Current/ROS2_learning/install/example_topic_rclcpp/share/example_topic_rclcpp/environment/ament_prefix_path.dsv
[6.534s] -- Up-to-date: /home/lisii/Documents/Github-repos/TransferStation/1_Projects/Current/ROS2_learning/install/example_topic_rclcpp/share/example_topic_rclcpp/environment/path.sh
[6.534s] -- Up-to-date: /home/lisii/Documents/Github-repos/TransferStation/1_Projects/Current/ROS2_learning/install/example_topic_rclcpp/share/example_topic_rclcpp/environment/path.dsv
[6.534s] -- Up-to-date: /home/lisii/Documents/Github-repos/TransferStation/1_Projects/Current/ROS2_learning/install/example_topic_rclcpp/share/example_topic_rclcpp/local_setup.bash
[6.534s] -- Up-to-date: /home/lisii/Documents/Github-repos/TransferStation/1_Projects/Current/ROS2_learning/install/example_topic_rclcpp/share/example_topic_rclcpp/local_setup.sh
[6.534s] -- Up-to-date: /home/lisii/Documents/Github-repos/TransferStation/1_Projects/Current/ROS2_learning/install/example_topic_rclcpp/share/example_topic_rclcpp/local_setup.zsh
[6.534s] -- Up-to-date: /home/lisii/Documents/Github-repos/TransferStation/1_Projects/Current/ROS2_learning/install/example_topic_rclcpp/share/example_topic_rclcpp/local_setup.dsv
[6.534s] -- Installing: /home/lisii/Documents/Github-repos/TransferStation/1_Projects/Current/ROS2_learning/install/example_topic_rclcpp/share/example_topic_rclcpp/package.dsv
[6.534s] -- Up-to-date: /home/lisii/Documents/Github-repos/TransferStation/1_Projects/Current/ROS2_learning/install/example_topic_rclcpp/share/ament_index/resource_index/packages/example_topic_rclcpp
[6.534s] -- Up-to-date: /home/lisii/Documents/Github-repos/TransferStation/1_Projects/Current/ROS2_learning/install/example_topic_rclcpp/share/example_topic_rclcpp/cmake/example_topic_rclcppConfig.cmake
[6.534s] -- Up-to-date: /home/lisii/Documents/Github-repos/TransferStation/1_Projects/Current/ROS2_learning/install/example_topic_rclcpp/share/example_topic_rclcpp/cmake/example_topic_rclcppConfig-version.cmake
[6.534s] -- Up-to-date: /home/lisii/Documents/Github-repos/TransferStation/1_Projects/Current/ROS2_learning/install/example_topic_rclcpp/share/example_topic_rclcpp/package.xml
[6.534s] -- Up-to-date: /home/lisii/Documents/Github-repos/TransferStation/1_Projects/Current/ROS2_learning/install/example_topic_rclcpp/lib/example_topic_rclcpp/topic_publisher_01
[6.534s] -- Installing: /home/lisii/Documents/Github-repos/TransferStation/1_Projects/Current/ROS2_learning/install/example_topic_rclcpp/lib/example_topic_rclcpp/topic_subscribe_01
[6.537s] -- Set runtime path of "/home/lisii/Documents/Github-repos/TransferStation/1_Projects/Current/ROS2_learning/install/example_topic_rclcpp/lib/example_topic_rclcpp/topic_subscribe_01" to ""
[6.538s] Invoked command in '/home/lisii/Documents/Github-repos/TransferStation/1_Projects/Current/ROS2_learning/build/example_topic_rclcpp' returned '0': CMAKE_PREFIX_PATH=${CMAKE_PREFIX_PATH}:/opt/ros/humble /usr/bin/cmake --install /home/lisii/Documents/Github-repos/TransferStation/1_Projects/Current/ROS2_learning/build/example_topic_rclcpp
