[0.886s] DEBUG:colcon:Command line arguments: ['/usr/bin/colcon', 'build']
[0.886s] DEBUG:colcon:Parsed command line arguments: Namespace(log_base=None, log_level=None, verb_name='build', build_base='build', install_base='install', merge_install=False, symlink_install=False, test_result_base=None, continue_on_error=False, executor='parallel', parallel_workers=12, event_handlers=None, ignore_user_meta=False, metas=['./colcon.meta'], base_paths=['.'], packages_ignore=None, packages_ignore_regex=None, paths=None, packages_up_to=None, packages_up_to_regex=None, packages_above=None, packages_above_and_dependencies=None, packages_above_depth=None, packages_select_by_dep=None, packages_skip_by_dep=None, packages_skip_up_to=None, packages_select_build_failed=False, packages_skip_build_finished=False, packages_select_test_failures=False, packages_skip_test_passed=False, packages_select=None, packages_skip=None, packages_select_regex=None, packages_skip_regex=None, packages_start=None, packages_end=None, allow_overriding=[], cmake_args=None, cmake_target=None, cmake_target_skip_unavailable=False, cmake_clean_cache=False, cmake_clean_first=False, cmake_force_configure=False, ament_cmake_args=None, catkin_cmake_args=None, catkin_skip_building_tests=False, verb_parser=<colcon_defaults.argument_parser.defaults.DefaultArgumentsDecorator object at 0x7fabb43e8d30>, verb_extension=<colcon_core.verb.build.BuildVerb object at 0x7fabb43e8730>, main=<bound method BuildVerb.main of <colcon_core.verb.build.BuildVerb object at 0x7fabb43e8730>>)
[0.935s] Level 1:colcon.colcon_core.package_discovery:discover_packages(colcon_meta) check parameters
[0.935s] Level 1:colcon.colcon_core.package_discovery:discover_packages(recursive) check parameters
[0.935s] Level 1:colcon.colcon_core.package_discovery:discover_packages(ignore) check parameters
[0.935s] Level 1:colcon.colcon_core.package_discovery:discover_packages(path) check parameters
[0.935s] Level 1:colcon.colcon_core.package_discovery:discover_packages(colcon_meta) discover
[0.935s] Level 1:colcon.colcon_core.package_discovery:discover_packages(recursive) discover
[0.935s] INFO:colcon.colcon_core.package_discovery:Crawling recursively for packages in '/home/lisii/Documents/Github-repos/TransferStation/1_Projects/Current/ROS2_learning/example_topic_rclcpp'
[0.936s] Level 1:colcon.colcon_core.package_identification:_identify(.) by extensions ['ignore', 'ignore_ament_install']
[0.936s] Level 1:colcon.colcon_core.package_identification:_identify(.) by extension 'ignore'
[0.936s] Level 1:colcon.colcon_core.package_identification:_identify(.) by extension 'ignore_ament_install'
[0.936s] Level 1:colcon.colcon_core.package_identification:_identify(.) by extensions ['colcon_pkg']
[0.936s] Level 1:colcon.colcon_core.package_identification:_identify(.) by extension 'colcon_pkg'
[0.936s] Level 1:colcon.colcon_core.package_identification:_identify(.) by extensions ['colcon_meta']
[0.936s] Level 1:colcon.colcon_core.package_identification:_identify(.) by extension 'colcon_meta'
[0.936s] Level 1:colcon.colcon_core.package_identification:_identify(.) by extensions ['ros']
[0.936s] Level 1:colcon.colcon_core.package_identification:_identify(.) by extension 'ros'
[0.949s] DEBUG:colcon.colcon_core.package_identification:Package '.' with type 'ros.ament_cmake' and name 'example_topic_rclcpp'
[0.949s] Level 1:colcon.colcon_core.package_discovery:discover_packages(recursive) using defaults
[0.949s] Level 1:colcon.colcon_core.package_discovery:discover_packages(ignore) discover
[0.949s] Level 1:colcon.colcon_core.package_discovery:discover_packages(ignore) using defaults
[0.949s] Level 1:colcon.colcon_core.package_discovery:discover_packages(path) discover
[0.949s] Level 1:colcon.colcon_core.package_discovery:discover_packages(path) using defaults
[1.044s] Level 1:colcon.colcon_core.package_discovery:discover_packages(prefix_path) check parameters
[1.044s] Level 1:colcon.colcon_core.package_discovery:discover_packages(prefix_path) discover
[1.072s] DEBUG:colcon.colcon_installed_package_information.package_discovery:Found 1 installed packages in /home/lisii/Documents/Github-repos/TransferStation/1_Projects/Current/ROS2_learning/example_topic_rclcpp/install
[1.094s] DEBUG:colcon.colcon_installed_package_information.package_discovery:Found 270 installed packages in /opt/ros/humble
[1.096s] Level 1:colcon.colcon_core.package_discovery:discover_packages(prefix_path) using defaults
[1.170s] Level 5:colcon.colcon_core.verb:set package 'example_topic_rclcpp' build argument 'cmake_args' from command line to 'None'
[1.170s] Level 5:colcon.colcon_core.verb:set package 'example_topic_rclcpp' build argument 'cmake_target' from command line to 'None'
[1.170s] Level 5:colcon.colcon_core.verb:set package 'example_topic_rclcpp' build argument 'cmake_target_skip_unavailable' from command line to 'False'
[1.170s] Level 5:colcon.colcon_core.verb:set package 'example_topic_rclcpp' build argument 'cmake_clean_cache' from command line to 'False'
[1.170s] Level 5:colcon.colcon_core.verb:set package 'example_topic_rclcpp' build argument 'cmake_clean_first' from command line to 'False'
[1.170s] Level 5:colcon.colcon_core.verb:set package 'example_topic_rclcpp' build argument 'cmake_force_configure' from command line to 'False'
[1.170s] Level 5:colcon.colcon_core.verb:set package 'example_topic_rclcpp' build argument 'ament_cmake_args' from command line to 'None'
[1.170s] Level 5:colcon.colcon_core.verb:set package 'example_topic_rclcpp' build argument 'catkin_cmake_args' from command line to 'None'
[1.170s] Level 5:colcon.colcon_core.verb:set package 'example_topic_rclcpp' build argument 'catkin_skip_building_tests' from command line to 'False'
[1.170s] DEBUG:colcon.colcon_core.verb:Building package 'example_topic_rclcpp' with the following arguments: {'ament_cmake_args': None, 'build_base': '/home/lisii/Documents/Github-repos/TransferStation/1_Projects/Current/ROS2_learning/example_topic_rclcpp/build/example_topic_rclcpp', 'catkin_cmake_args': None, 'catkin_skip_building_tests': False, 'cmake_args': None, 'cmake_clean_cache': False, 'cmake_clean_first': False, 'cmake_force_configure': False, 'cmake_target': None, 'cmake_target_skip_unavailable': False, 'install_base': '/home/lisii/Documents/Github-repos/TransferStation/1_Projects/Current/ROS2_learning/example_topic_rclcpp/install/example_topic_rclcpp', 'merge_install': False, 'path': '/home/lisii/Documents/Github-repos/TransferStation/1_Projects/Current/ROS2_learning/example_topic_rclcpp', 'symlink_install': False, 'test_result_base': None}
[1.184s] INFO:colcon.colcon_core.executor:Executing jobs using 'parallel' executor
[1.198s] DEBUG:colcon.colcon_parallel_executor.executor.parallel:run_until_complete
[1.198s] INFO:colcon.colcon_ros.task.ament_cmake.build:Building ROS package in '/home/lisii/Documents/Github-repos/TransferStation/1_Projects/Current/ROS2_learning/example_topic_rclcpp' with build type 'ament_cmake'
[1.199s] INFO:colcon.colcon_cmake.task.cmake.build:Building CMake package in '/home/lisii/Documents/Github-repos/TransferStation/1_Projects/Current/ROS2_learning/example_topic_rclcpp'
[1.222s] INFO:colcon.colcon_core.plugin_system:Skipping extension 'colcon_core.shell.bat': Not used on non-Windows systems
[1.222s] INFO:colcon.colcon_core.shell:Skip shell extension 'powershell' for command environment: Not usable outside of PowerShell
[1.222s] DEBUG:colcon.colcon_core.shell:Skip shell extension 'dsv' for command environment
[1.269s] DEBUG:colcon.colcon_core.event_handler.log_command:Invoking command in '/home/lisii/Documents/Github-repos/TransferStation/1_Projects/Current/ROS2_learning/example_topic_rclcpp/build/example_topic_rclcpp': CMAKE_PREFIX_PATH=${CMAKE_PREFIX_PATH}:/opt/ros/humble /usr/bin/cmake --build /home/lisii/Documents/Github-repos/TransferStation/1_Projects/Current/ROS2_learning/example_topic_rclcpp/build/example_topic_rclcpp -- -j12 -l12
[8.048s] DEBUG:colcon.colcon_core.event_handler.log_command:Invoked command in '/home/lisii/Documents/Github-repos/TransferStation/1_Projects/Current/ROS2_learning/example_topic_rclcpp/build/example_topic_rclcpp' returned '0': CMAKE_PREFIX_PATH=${CMAKE_PREFIX_PATH}:/opt/ros/humble /usr/bin/cmake --build /home/lisii/Documents/Github-repos/TransferStation/1_Projects/Current/ROS2_learning/example_topic_rclcpp/build/example_topic_rclcpp -- -j12 -l12
[8.072s] DEBUG:colcon.colcon_core.event_handler.log_command:Invoking command in '/home/lisii/Documents/Github-repos/TransferStation/1_Projects/Current/ROS2_learning/example_topic_rclcpp/build/example_topic_rclcpp': CMAKE_PREFIX_PATH=${CMAKE_PREFIX_PATH}:/opt/ros/humble /usr/bin/cmake --install /home/lisii/Documents/Github-repos/TransferStation/1_Projects/Current/ROS2_learning/example_topic_rclcpp/build/example_topic_rclcpp
[8.083s] Level 1:colcon.colcon_core.environment:create_environment_scripts_only(example_topic_rclcpp)
[8.083s] DEBUG:colcon.colcon_core.event_handler.log_command:Invoked command in '/home/lisii/Documents/Github-repos/TransferStation/1_Projects/Current/ROS2_learning/example_topic_rclcpp/build/example_topic_rclcpp' returned '0': CMAKE_PREFIX_PATH=${CMAKE_PREFIX_PATH}:/opt/ros/humble /usr/bin/cmake --install /home/lisii/Documents/Github-repos/TransferStation/1_Projects/Current/ROS2_learning/example_topic_rclcpp/build/example_topic_rclcpp
[8.099s] Level 1:colcon.colcon_core.environment:checking '/home/lisii/Documents/Github-repos/TransferStation/1_Projects/Current/ROS2_learning/example_topic_rclcpp/install/example_topic_rclcpp' for CMake module files
[8.099s] Level 1:colcon.colcon_core.environment:checking '/home/lisii/Documents/Github-repos/TransferStation/1_Projects/Current/ROS2_learning/example_topic_rclcpp/install/example_topic_rclcpp' for CMake config files
[8.099s] Level 1:colcon.colcon_core.shell:create_environment_hook('example_topic_rclcpp', 'cmake_prefix_path')
[8.113s] INFO:colcon.colcon_core.shell:Creating environment hook '/home/lisii/Documents/Github-repos/TransferStation/1_Projects/Current/ROS2_learning/example_topic_rclcpp/install/example_topic_rclcpp/share/example_topic_rclcpp/hook/cmake_prefix_path.ps1'
[8.113s] INFO:colcon.colcon_core.shell:Creating environment descriptor '/home/lisii/Documents/Github-repos/TransferStation/1_Projects/Current/ROS2_learning/example_topic_rclcpp/install/example_topic_rclcpp/share/example_topic_rclcpp/hook/cmake_prefix_path.dsv'
[8.114s] INFO:colcon.colcon_core.shell:Creating environment hook '/home/lisii/Documents/Github-repos/TransferStation/1_Projects/Current/ROS2_learning/example_topic_rclcpp/install/example_topic_rclcpp/share/example_topic_rclcpp/hook/cmake_prefix_path.sh'
[8.114s] Level 1:colcon.colcon_core.environment:checking '/home/lisii/Documents/Github-repos/TransferStation/1_Projects/Current/ROS2_learning/example_topic_rclcpp/install/example_topic_rclcpp/lib'
[8.115s] Level 1:colcon.colcon_core.environment:checking '/home/lisii/Documents/Github-repos/TransferStation/1_Projects/Current/ROS2_learning/example_topic_rclcpp/install/example_topic_rclcpp/bin'
[8.115s] Level 1:colcon.colcon_core.environment:checking '/home/lisii/Documents/Github-repos/TransferStation/1_Projects/Current/ROS2_learning/example_topic_rclcpp/install/example_topic_rclcpp/lib/pkgconfig/example_topic_rclcpp.pc'
[8.115s] Level 1:colcon.colcon_core.environment:checking '/home/lisii/Documents/Github-repos/TransferStation/1_Projects/Current/ROS2_learning/example_topic_rclcpp/install/example_topic_rclcpp/lib/python3.10/site-packages'
[8.115s] Level 1:colcon.colcon_core.environment:checking '/home/lisii/Documents/Github-repos/TransferStation/1_Projects/Current/ROS2_learning/example_topic_rclcpp/install/example_topic_rclcpp/bin'
[8.129s] INFO:colcon.colcon_core.shell:Creating package script '/home/lisii/Documents/Github-repos/TransferStation/1_Projects/Current/ROS2_learning/example_topic_rclcpp/install/example_topic_rclcpp/share/example_topic_rclcpp/package.ps1'
[8.130s] INFO:colcon.colcon_core.shell:Creating package descriptor '/home/lisii/Documents/Github-repos/TransferStation/1_Projects/Current/ROS2_learning/example_topic_rclcpp/install/example_topic_rclcpp/share/example_topic_rclcpp/package.dsv'
[8.130s] INFO:colcon.colcon_core.shell:Creating package script '/home/lisii/Documents/Github-repos/TransferStation/1_Projects/Current/ROS2_learning/example_topic_rclcpp/install/example_topic_rclcpp/share/example_topic_rclcpp/package.sh'
[8.131s] INFO:colcon.colcon_core.shell:Creating package script '/home/lisii/Documents/Github-repos/TransferStation/1_Projects/Current/ROS2_learning/example_topic_rclcpp/install/example_topic_rclcpp/share/example_topic_rclcpp/package.bash'
[8.131s] INFO:colcon.colcon_core.shell:Creating package script '/home/lisii/Documents/Github-repos/TransferStation/1_Projects/Current/ROS2_learning/example_topic_rclcpp/install/example_topic_rclcpp/share/example_topic_rclcpp/package.zsh'
[8.132s] Level 1:colcon.colcon_core.environment:create_file_with_runtime_dependencies(/home/lisii/Documents/Github-repos/TransferStation/1_Projects/Current/ROS2_learning/example_topic_rclcpp/install/example_topic_rclcpp/share/colcon-core/packages/example_topic_rclcpp)
[8.163s] Level 1:colcon.colcon_core.environment:create_environment_scripts_only(example_topic_rclcpp)
[8.177s] Level 1:colcon.colcon_core.environment:checking '/home/lisii/Documents/Github-repos/TransferStation/1_Projects/Current/ROS2_learning/example_topic_rclcpp/install/example_topic_rclcpp' for CMake module files
[8.177s] Level 1:colcon.colcon_core.environment:checking '/home/lisii/Documents/Github-repos/TransferStation/1_Projects/Current/ROS2_learning/example_topic_rclcpp/install/example_topic_rclcpp' for CMake config files
[8.177s] Level 1:colcon.colcon_core.shell:create_environment_hook('example_topic_rclcpp', 'cmake_prefix_path')
[8.191s] INFO:colcon.colcon_core.shell:Creating environment hook '/home/lisii/Documents/Github-repos/TransferStation/1_Projects/Current/ROS2_learning/example_topic_rclcpp/install/example_topic_rclcpp/share/example_topic_rclcpp/hook/cmake_prefix_path.ps1'
[8.191s] INFO:colcon.colcon_core.shell:Creating environment descriptor '/home/lisii/Documents/Github-repos/TransferStation/1_Projects/Current/ROS2_learning/example_topic_rclcpp/install/example_topic_rclcpp/share/example_topic_rclcpp/hook/cmake_prefix_path.dsv'
[8.192s] INFO:colcon.colcon_core.shell:Creating environment hook '/home/lisii/Documents/Github-repos/TransferStation/1_Projects/Current/ROS2_learning/example_topic_rclcpp/install/example_topic_rclcpp/share/example_topic_rclcpp/hook/cmake_prefix_path.sh'
[8.192s] Level 1:colcon.colcon_core.environment:checking '/home/lisii/Documents/Github-repos/TransferStation/1_Projects/Current/ROS2_learning/example_topic_rclcpp/install/example_topic_rclcpp/lib'
[8.192s] Level 1:colcon.colcon_core.environment:checking '/home/lisii/Documents/Github-repos/TransferStation/1_Projects/Current/ROS2_learning/example_topic_rclcpp/install/example_topic_rclcpp/bin'
[8.192s] Level 1:colcon.colcon_core.environment:checking '/home/lisii/Documents/Github-repos/TransferStation/1_Projects/Current/ROS2_learning/example_topic_rclcpp/install/example_topic_rclcpp/lib/pkgconfig/example_topic_rclcpp.pc'
[8.193s] Level 1:colcon.colcon_core.environment:checking '/home/lisii/Documents/Github-repos/TransferStation/1_Projects/Current/ROS2_learning/example_topic_rclcpp/install/example_topic_rclcpp/lib/python3.10/site-packages'
[8.193s] Level 1:colcon.colcon_core.environment:checking '/home/lisii/Documents/Github-repos/TransferStation/1_Projects/Current/ROS2_learning/example_topic_rclcpp/install/example_topic_rclcpp/bin'
[8.206s] INFO:colcon.colcon_core.shell:Creating package script '/home/lisii/Documents/Github-repos/TransferStation/1_Projects/Current/ROS2_learning/example_topic_rclcpp/install/example_topic_rclcpp/share/example_topic_rclcpp/package.ps1'
[8.207s] INFO:colcon.colcon_core.shell:Creating package descriptor '/home/lisii/Documents/Github-repos/TransferStation/1_Projects/Current/ROS2_learning/example_topic_rclcpp/install/example_topic_rclcpp/share/example_topic_rclcpp/package.dsv'
[8.207s] INFO:colcon.colcon_core.shell:Creating package script '/home/lisii/Documents/Github-repos/TransferStation/1_Projects/Current/ROS2_learning/example_topic_rclcpp/install/example_topic_rclcpp/share/example_topic_rclcpp/package.sh'
[8.208s] INFO:colcon.colcon_core.shell:Creating package script '/home/lisii/Documents/Github-repos/TransferStation/1_Projects/Current/ROS2_learning/example_topic_rclcpp/install/example_topic_rclcpp/share/example_topic_rclcpp/package.bash'
[8.208s] INFO:colcon.colcon_core.shell:Creating package script '/home/lisii/Documents/Github-repos/TransferStation/1_Projects/Current/ROS2_learning/example_topic_rclcpp/install/example_topic_rclcpp/share/example_topic_rclcpp/package.zsh'
[8.209s] Level 1:colcon.colcon_core.environment:create_file_with_runtime_dependencies(/home/lisii/Documents/Github-repos/TransferStation/1_Projects/Current/ROS2_learning/example_topic_rclcpp/install/example_topic_rclcpp/share/colcon-core/packages/example_topic_rclcpp)
[8.209s] DEBUG:colcon.colcon_parallel_executor.executor.parallel:closing loop
[8.209s] DEBUG:colcon.colcon_parallel_executor.executor.parallel:loop closed
[8.209s] DEBUG:colcon.colcon_parallel_executor.executor.parallel:run_until_complete finished with '0'
[8.209s] DEBUG:colcon.colcon_core.event_reactor:joining thread
[8.228s] INFO:colcon.colcon_core.plugin_system:Skipping extension 'colcon_notification.desktop_notification.terminal_notifier': Not used on non-Darwin systems
[8.228s] INFO:colcon.colcon_core.plugin_system:Skipping extension 'colcon_notification.desktop_notification.win32': Not used on non-Windows systems
[8.228s] INFO:colcon.colcon_notification.desktop_notification:Sending desktop notification using 'notify2'
[8.234s] DEBUG:colcon.colcon_core.event_reactor:joined thread
[8.249s] INFO:colcon.colcon_core.shell:Creating prefix script '/home/lisii/Documents/Github-repos/TransferStation/1_Projects/Current/ROS2_learning/example_topic_rclcpp/install/local_setup.ps1'
[8.249s] INFO:colcon.colcon_core.shell:Creating prefix util module '/home/lisii/Documents/Github-repos/TransferStation/1_Projects/Current/ROS2_learning/example_topic_rclcpp/install/_local_setup_util_ps1.py'
[8.250s] INFO:colcon.colcon_core.shell:Creating prefix chain script '/home/lisii/Documents/Github-repos/TransferStation/1_Projects/Current/ROS2_learning/example_topic_rclcpp/install/setup.ps1'
[8.265s] INFO:colcon.colcon_core.shell:Creating prefix script '/home/lisii/Documents/Github-repos/TransferStation/1_Projects/Current/ROS2_learning/example_topic_rclcpp/install/local_setup.sh'
[8.266s] INFO:colcon.colcon_core.shell:Creating prefix util module '/home/lisii/Documents/Github-repos/TransferStation/1_Projects/Current/ROS2_learning/example_topic_rclcpp/install/_local_setup_util_sh.py'
[8.266s] INFO:colcon.colcon_core.shell:Creating prefix chain script '/home/lisii/Documents/Github-repos/TransferStation/1_Projects/Current/ROS2_learning/example_topic_rclcpp/install/setup.sh'
[8.280s] INFO:colcon.colcon_core.shell:Creating prefix script '/home/lisii/Documents/Github-repos/TransferStation/1_Projects/Current/ROS2_learning/example_topic_rclcpp/install/local_setup.bash'
[8.281s] INFO:colcon.colcon_core.shell:Creating prefix chain script '/home/lisii/Documents/Github-repos/TransferStation/1_Projects/Current/ROS2_learning/example_topic_rclcpp/install/setup.bash'
[8.294s] INFO:colcon.colcon_core.shell:Creating prefix script '/home/lisii/Documents/Github-repos/TransferStation/1_Projects/Current/ROS2_learning/example_topic_rclcpp/install/local_setup.zsh'
[8.295s] INFO:colcon.colcon_core.shell:Creating prefix chain script '/home/lisii/Documents/Github-repos/TransferStation/1_Projects/Current/ROS2_learning/example_topic_rclcpp/install/setup.zsh'
