[0.846s] DEBUG:colcon:Command line arguments: ['/usr/bin/colcon', 'build']
[0.847s] DEBUG:colcon:Parsed command line arguments: Namespace(log_base=None, log_level=None, verb_name='build', build_base='build', install_base='install', merge_install=False, symlink_install=False, test_result_base=None, continue_on_error=False, executor='parallel', parallel_workers=12, event_handlers=None, ignore_user_meta=False, metas=['./colcon.meta'], base_paths=['.'], packages_ignore=None, packages_ignore_regex=None, paths=None, packages_up_to=None, packages_up_to_regex=None, packages_above=None, packages_above_and_dependencies=None, packages_above_depth=None, packages_select_by_dep=None, packages_skip_by_dep=None, packages_skip_up_to=None, packages_select_build_failed=False, packages_skip_build_finished=False, packages_select_test_failures=False, packages_skip_test_passed=False, packages_select=None, packages_skip=None, packages_select_regex=None, packages_skip_regex=None, packages_start=None, packages_end=None, allow_overriding=[], cmake_args=None, cmake_target=None, cmake_target_skip_unavailable=False, cmake_clean_cache=False, cmake_clean_first=False, cmake_force_configure=False, ament_cmake_args=None, catkin_cmake_args=None, catkin_skip_building_tests=False, verb_parser=<colcon_defaults.argument_parser.defaults.DefaultArgumentsDecorator object at 0x7fdc5ee15180>, verb_extension=<colcon_core.verb.build.BuildVerb object at 0x7fdc5ee14b80>, main=<bound method BuildVerb.main of <colcon_core.verb.build.BuildVerb object at 0x7fdc5ee14b80>>)
[0.893s] Level 1:colcon.colcon_core.package_discovery:discover_packages(colcon_meta) check parameters
[0.893s] Level 1:colcon.colcon_core.package_discovery:discover_packages(recursive) check parameters
[0.893s] Level 1:colcon.colcon_core.package_discovery:discover_packages(ignore) check parameters
[0.893s] Level 1:colcon.colcon_core.package_discovery:discover_packages(path) check parameters
[0.893s] Level 1:colcon.colcon_core.package_discovery:discover_packages(colcon_meta) discover
[0.893s] Level 1:colcon.colcon_core.package_discovery:discover_packages(recursive) discover
[0.893s] INFO:colcon.colcon_core.package_discovery:Crawling recursively for packages in '/home/lisii/Documents/Github-repos/TransferStation/1_Projects/Current/ROS2_learning'
[0.893s] Level 1:colcon.colcon_core.package_identification:_identify(.) by extensions ['ignore', 'ignore_ament_install']
[0.894s] Level 1:colcon.colcon_core.package_identification:_identify(.) by extension 'ignore'
[0.894s] Level 1:colcon.colcon_core.package_identification:_identify(.) by extension 'ignore_ament_install'
[0.894s] Level 1:colcon.colcon_core.package_identification:_identify(.) by extensions ['colcon_pkg']
[0.894s] Level 1:colcon.colcon_core.package_identification:_identify(.) by extension 'colcon_pkg'
[0.894s] Level 1:colcon.colcon_core.package_identification:_identify(.) by extensions ['colcon_meta']
[0.894s] Level 1:colcon.colcon_core.package_identification:_identify(.) by extension 'colcon_meta'
[0.894s] Level 1:colcon.colcon_core.package_identification:_identify(.) by extensions ['ros']
[0.894s] Level 1:colcon.colcon_core.package_identification:_identify(.) by extension 'ros'
[0.905s] Level 1:colcon.colcon_core.package_identification:_identify(.) by extensions ['cmake', 'python']
[0.905s] Level 1:colcon.colcon_core.package_identification:_identify(.) by extension 'cmake'
[0.905s] Level 1:colcon.colcon_core.package_identification:_identify(.) by extension 'python'
[0.905s] Level 1:colcon.colcon_core.package_identification:_identify(.) by extensions ['python_setup_py']
[0.905s] Level 1:colcon.colcon_core.package_identification:_identify(.) by extension 'python_setup_py'
[0.905s] Level 1:colcon.colcon_core.package_identification:_identify(build) by extensions ['ignore', 'ignore_ament_install']
[0.905s] Level 1:colcon.colcon_core.package_identification:_identify(build) by extension 'ignore'
[0.905s] Level 1:colcon.colcon_core.package_identification:_identify(build) ignored
[0.905s] Level 1:colcon.colcon_core.package_identification:_identify(example_topic_rclcpp) by extensions ['ignore', 'ignore_ament_install']
[0.905s] Level 1:colcon.colcon_core.package_identification:_identify(example_topic_rclcpp) by extension 'ignore'
[0.905s] Level 1:colcon.colcon_core.package_identification:_identify(example_topic_rclcpp) by extension 'ignore_ament_install'
[0.905s] Level 1:colcon.colcon_core.package_identification:_identify(example_topic_rclcpp) by extensions ['colcon_pkg']
[0.905s] Level 1:colcon.colcon_core.package_identification:_identify(example_topic_rclcpp) by extension 'colcon_pkg'
[0.905s] Level 1:colcon.colcon_core.package_identification:_identify(example_topic_rclcpp) by extensions ['colcon_meta']
[0.905s] Level 1:colcon.colcon_core.package_identification:_identify(example_topic_rclcpp) by extension 'colcon_meta'
[0.905s] Level 1:colcon.colcon_core.package_identification:_identify(example_topic_rclcpp) by extensions ['ros']
[0.905s] Level 1:colcon.colcon_core.package_identification:_identify(example_topic_rclcpp) by extension 'ros'
[0.907s] DEBUG:colcon.colcon_core.package_identification:Package 'example_topic_rclcpp' with type 'ros.ament_cmake' and name 'example_topic_rclcpp'
[0.907s] Level 1:colcon.colcon_core.package_identification:_identify(example_topic_rclpy) by extensions ['ignore', 'ignore_ament_install']
[0.907s] Level 1:colcon.colcon_core.package_identification:_identify(example_topic_rclpy) by extension 'ignore'
[0.907s] Level 1:colcon.colcon_core.package_identification:_identify(example_topic_rclpy) by extension 'ignore_ament_install'
[0.907s] Level 1:colcon.colcon_core.package_identification:_identify(example_topic_rclpy) by extensions ['colcon_pkg']
[0.907s] Level 1:colcon.colcon_core.package_identification:_identify(example_topic_rclpy) by extension 'colcon_pkg'
[0.907s] Level 1:colcon.colcon_core.package_identification:_identify(example_topic_rclpy) by extensions ['colcon_meta']
[0.907s] Level 1:colcon.colcon_core.package_identification:_identify(example_topic_rclpy) by extension 'colcon_meta'
[0.907s] Level 1:colcon.colcon_core.package_identification:_identify(example_topic_rclpy) by extensions ['ros']
[0.907s] Level 1:colcon.colcon_core.package_identification:_identify(example_topic_rclpy) by extension 'ros'
[0.908s] DEBUG:colcon.colcon_core.package_identification:Package 'example_topic_rclpy' with type 'ros.ament_python' and name 'example_topic_rclpy'
[0.908s] Level 1:colcon.colcon_core.package_identification:_identify(install) by extensions ['ignore', 'ignore_ament_install']
[0.908s] Level 1:colcon.colcon_core.package_identification:_identify(install) by extension 'ignore'
[0.908s] Level 1:colcon.colcon_core.package_identification:_identify(install) ignored
[0.908s] Level 1:colcon.colcon_core.package_identification:_identify(log) by extensions ['ignore', 'ignore_ament_install']
[0.908s] Level 1:colcon.colcon_core.package_identification:_identify(log) by extension 'ignore'
[0.908s] Level 1:colcon.colcon_core.package_identification:_identify(log) ignored
[0.908s] Level 1:colcon.colcon_core.package_discovery:discover_packages(recursive) using defaults
[0.908s] Level 1:colcon.colcon_core.package_discovery:discover_packages(ignore) discover
[0.908s] Level 1:colcon.colcon_core.package_discovery:discover_packages(ignore) using defaults
[0.908s] Level 1:colcon.colcon_core.package_discovery:discover_packages(path) discover
[0.908s] Level 1:colcon.colcon_core.package_discovery:discover_packages(path) using defaults
[0.987s] Level 1:colcon.colcon_core.package_discovery:discover_packages(prefix_path) check parameters
[0.987s] Level 1:colcon.colcon_core.package_discovery:discover_packages(prefix_path) discover
[1.013s] DEBUG:colcon.colcon_installed_package_information.package_discovery:Found 2 installed packages in /home/lisii/Documents/Github-repos/TransferStation/1_Projects/Current/ROS2_learning/install
[1.026s] DEBUG:colcon.colcon_installed_package_information.package_discovery:Found 270 installed packages in /opt/ros/humble
[1.027s] Level 1:colcon.colcon_core.package_discovery:discover_packages(prefix_path) using defaults
[1.087s] Level 5:colcon.colcon_core.verb:set package 'example_topic_rclcpp' build argument 'cmake_args' from command line to 'None'
[1.087s] Level 5:colcon.colcon_core.verb:set package 'example_topic_rclcpp' build argument 'cmake_target' from command line to 'None'
[1.087s] Level 5:colcon.colcon_core.verb:set package 'example_topic_rclcpp' build argument 'cmake_target_skip_unavailable' from command line to 'False'
[1.087s] Level 5:colcon.colcon_core.verb:set package 'example_topic_rclcpp' build argument 'cmake_clean_cache' from command line to 'False'
[1.087s] Level 5:colcon.colcon_core.verb:set package 'example_topic_rclcpp' build argument 'cmake_clean_first' from command line to 'False'
[1.087s] Level 5:colcon.colcon_core.verb:set package 'example_topic_rclcpp' build argument 'cmake_force_configure' from command line to 'False'
[1.087s] Level 5:colcon.colcon_core.verb:set package 'example_topic_rclcpp' build argument 'ament_cmake_args' from command line to 'None'
[1.087s] Level 5:colcon.colcon_core.verb:set package 'example_topic_rclcpp' build argument 'catkin_cmake_args' from command line to 'None'
[1.087s] Level 5:colcon.colcon_core.verb:set package 'example_topic_rclcpp' build argument 'catkin_skip_building_tests' from command line to 'False'
[1.087s] DEBUG:colcon.colcon_core.verb:Building package 'example_topic_rclcpp' with the following arguments: {'ament_cmake_args': None, 'build_base': '/home/lisii/Documents/Github-repos/TransferStation/1_Projects/Current/ROS2_learning/build/example_topic_rclcpp', 'catkin_cmake_args': None, 'catkin_skip_building_tests': False, 'cmake_args': None, 'cmake_clean_cache': False, 'cmake_clean_first': False, 'cmake_force_configure': False, 'cmake_target': None, 'cmake_target_skip_unavailable': False, 'install_base': '/home/lisii/Documents/Github-repos/TransferStation/1_Projects/Current/ROS2_learning/install/example_topic_rclcpp', 'merge_install': False, 'path': '/home/lisii/Documents/Github-repos/TransferStation/1_Projects/Current/ROS2_learning/example_topic_rclcpp', 'symlink_install': False, 'test_result_base': None}
[1.100s] Level 5:colcon.colcon_core.verb:set package 'example_topic_rclpy' build argument 'cmake_args' from command line to 'None'
[1.100s] Level 5:colcon.colcon_core.verb:set package 'example_topic_rclpy' build argument 'cmake_target' from command line to 'None'
[1.100s] Level 5:colcon.colcon_core.verb:set package 'example_topic_rclpy' build argument 'cmake_target_skip_unavailable' from command line to 'False'
[1.100s] Level 5:colcon.colcon_core.verb:set package 'example_topic_rclpy' build argument 'cmake_clean_cache' from command line to 'False'
[1.100s] Level 5:colcon.colcon_core.verb:set package 'example_topic_rclpy' build argument 'cmake_clean_first' from command line to 'False'
[1.100s] Level 5:colcon.colcon_core.verb:set package 'example_topic_rclpy' build argument 'cmake_force_configure' from command line to 'False'
[1.100s] Level 5:colcon.colcon_core.verb:set package 'example_topic_rclpy' build argument 'ament_cmake_args' from command line to 'None'
[1.100s] Level 5:colcon.colcon_core.verb:set package 'example_topic_rclpy' build argument 'catkin_cmake_args' from command line to 'None'
[1.100s] Level 5:colcon.colcon_core.verb:set package 'example_topic_rclpy' build argument 'catkin_skip_building_tests' from command line to 'False'
[1.100s] DEBUG:colcon.colcon_core.verb:Building package 'example_topic_rclpy' with the following arguments: {'ament_cmake_args': None, 'build_base': '/home/lisii/Documents/Github-repos/TransferStation/1_Projects/Current/ROS2_learning/build/example_topic_rclpy', 'catkin_cmake_args': None, 'catkin_skip_building_tests': False, 'cmake_args': None, 'cmake_clean_cache': False, 'cmake_clean_first': False, 'cmake_force_configure': False, 'cmake_target': None, 'cmake_target_skip_unavailable': False, 'install_base': '/home/lisii/Documents/Github-repos/TransferStation/1_Projects/Current/ROS2_learning/install/example_topic_rclpy', 'merge_install': False, 'path': '/home/lisii/Documents/Github-repos/TransferStation/1_Projects/Current/ROS2_learning/example_topic_rclpy', 'symlink_install': False, 'test_result_base': None}
[1.113s] INFO:colcon.colcon_core.executor:Executing jobs using 'parallel' executor
[1.133s] DEBUG:colcon.colcon_parallel_executor.executor.parallel:run_until_complete
[1.133s] INFO:colcon.colcon_ros.task.ament_cmake.build:Building ROS package in '/home/lisii/Documents/Github-repos/TransferStation/1_Projects/Current/ROS2_learning/example_topic_rclcpp' with build type 'ament_cmake'
[1.133s] INFO:colcon.colcon_cmake.task.cmake.build:Building CMake package in '/home/lisii/Documents/Github-repos/TransferStation/1_Projects/Current/ROS2_learning/example_topic_rclcpp'
[1.148s] INFO:colcon.colcon_core.plugin_system:Skipping extension 'colcon_core.shell.bat': Not used on non-Windows systems
[1.148s] INFO:colcon.colcon_core.shell:Skip shell extension 'powershell' for command environment: Not usable outside of PowerShell
[1.148s] DEBUG:colcon.colcon_core.shell:Skip shell extension 'dsv' for command environment
[1.189s] INFO:colcon.colcon_ros.task.ament_python.build:Building ROS package in '/home/lisii/Documents/Github-repos/TransferStation/1_Projects/Current/ROS2_learning/example_topic_rclpy' with build type 'ament_python'
[1.189s] Level 1:colcon.colcon_core.shell:create_environment_hook('example_topic_rclpy', 'ament_prefix_path')
[1.203s] INFO:colcon.colcon_core.shell:Creating environment hook '/home/lisii/Documents/Github-repos/TransferStation/1_Projects/Current/ROS2_learning/install/example_topic_rclpy/share/example_topic_rclpy/hook/ament_prefix_path.ps1'
[1.203s] INFO:colcon.colcon_core.shell:Creating environment descriptor '/home/lisii/Documents/Github-repos/TransferStation/1_Projects/Current/ROS2_learning/install/example_topic_rclpy/share/example_topic_rclpy/hook/ament_prefix_path.dsv'
[1.203s] INFO:colcon.colcon_core.shell:Creating environment hook '/home/lisii/Documents/Github-repos/TransferStation/1_Projects/Current/ROS2_learning/install/example_topic_rclpy/share/example_topic_rclpy/hook/ament_prefix_path.sh'
[1.217s] INFO:colcon.colcon_core.shell:Skip shell extension 'powershell' for command environment: Not usable outside of PowerShell
[1.217s] DEBUG:colcon.colcon_core.shell:Skip shell extension 'dsv' for command environment
[1.263s] DEBUG:colcon.colcon_core.event_handler.log_command:Invoking command in '/home/lisii/Documents/Github-repos/TransferStation/1_Projects/Current/ROS2_learning/build/example_topic_rclcpp': CMAKE_PREFIX_PATH=${CMAKE_PREFIX_PATH}:/home/lisii/Documents/Github-repos/TransferStation/1_Projects/Current/ROS2_learning/install/example_topic_rclpy:/opt/ros/humble /usr/bin/cmake --build /home/lisii/Documents/Github-repos/TransferStation/1_Projects/Current/ROS2_learning/build/example_topic_rclcpp -- -j12 -l12
[1.425s] INFO:colcon.colcon_core.task.python.build:Building Python package in '/home/lisii/Documents/Github-repos/TransferStation/1_Projects/Current/ROS2_learning/example_topic_rclpy'
[1.439s] INFO:colcon.colcon_core.shell:Skip shell extension 'powershell' for command environment: Not usable outside of PowerShell
[1.439s] DEBUG:colcon.colcon_core.shell:Skip shell extension 'dsv' for command environment
[1.481s] DEBUG:colcon.colcon_core.event_handler.log_command:Invoked command in '/home/lisii/Documents/Github-repos/TransferStation/1_Projects/Current/ROS2_learning/build/example_topic_rclcpp' returned '0': CMAKE_PREFIX_PATH=${CMAKE_PREFIX_PATH}:/home/lisii/Documents/Github-repos/TransferStation/1_Projects/Current/ROS2_learning/install/example_topic_rclpy:/opt/ros/humble /usr/bin/cmake --build /home/lisii/Documents/Github-repos/TransferStation/1_Projects/Current/ROS2_learning/build/example_topic_rclcpp -- -j12 -l12
[1.505s] DEBUG:colcon.colcon_core.event_handler.log_command:Invoking command in '/home/lisii/Documents/Github-repos/TransferStation/1_Projects/Current/ROS2_learning/build/example_topic_rclcpp': CMAKE_PREFIX_PATH=${CMAKE_PREFIX_PATH}:/home/lisii/Documents/Github-repos/TransferStation/1_Projects/Current/ROS2_learning/install/example_topic_rclpy:/opt/ros/humble /usr/bin/cmake --install /home/lisii/Documents/Github-repos/TransferStation/1_Projects/Current/ROS2_learning/build/example_topic_rclcpp
[1.513s] Level 1:colcon.colcon_core.environment:create_environment_scripts_only(example_topic_rclcpp)
[1.513s] DEBUG:colcon.colcon_core.event_handler.log_command:Invoked command in '/home/lisii/Documents/Github-repos/TransferStation/1_Projects/Current/ROS2_learning/build/example_topic_rclcpp' returned '0': CMAKE_PREFIX_PATH=${CMAKE_PREFIX_PATH}:/home/lisii/Documents/Github-repos/TransferStation/1_Projects/Current/ROS2_learning/install/example_topic_rclpy:/opt/ros/humble /usr/bin/cmake --install /home/lisii/Documents/Github-repos/TransferStation/1_Projects/Current/ROS2_learning/build/example_topic_rclcpp
[1.529s] Level 1:colcon.colcon_core.environment:checking '/home/lisii/Documents/Github-repos/TransferStation/1_Projects/Current/ROS2_learning/install/example_topic_rclcpp' for CMake module files
[1.529s] Level 1:colcon.colcon_core.environment:checking '/home/lisii/Documents/Github-repos/TransferStation/1_Projects/Current/ROS2_learning/install/example_topic_rclcpp' for CMake config files
[1.529s] Level 1:colcon.colcon_core.shell:create_environment_hook('example_topic_rclcpp', 'cmake_prefix_path')
[1.543s] INFO:colcon.colcon_core.shell:Creating environment hook '/home/lisii/Documents/Github-repos/TransferStation/1_Projects/Current/ROS2_learning/install/example_topic_rclcpp/share/example_topic_rclcpp/hook/cmake_prefix_path.ps1'
[1.544s] INFO:colcon.colcon_core.shell:Creating environment descriptor '/home/lisii/Documents/Github-repos/TransferStation/1_Projects/Current/ROS2_learning/install/example_topic_rclcpp/share/example_topic_rclcpp/hook/cmake_prefix_path.dsv'
[1.544s] INFO:colcon.colcon_core.shell:Creating environment hook '/home/lisii/Documents/Github-repos/TransferStation/1_Projects/Current/ROS2_learning/install/example_topic_rclcpp/share/example_topic_rclcpp/hook/cmake_prefix_path.sh'
[1.544s] Level 1:colcon.colcon_core.environment:checking '/home/lisii/Documents/Github-repos/TransferStation/1_Projects/Current/ROS2_learning/install/example_topic_rclcpp/lib'
[1.545s] Level 1:colcon.colcon_core.environment:checking '/home/lisii/Documents/Github-repos/TransferStation/1_Projects/Current/ROS2_learning/install/example_topic_rclcpp/bin'
[1.545s] Level 1:colcon.colcon_core.environment:checking '/home/lisii/Documents/Github-repos/TransferStation/1_Projects/Current/ROS2_learning/install/example_topic_rclcpp/lib/pkgconfig/example_topic_rclcpp.pc'
[1.545s] Level 1:colcon.colcon_core.environment:checking '/home/lisii/Documents/Github-repos/TransferStation/1_Projects/Current/ROS2_learning/install/example_topic_rclcpp/lib/python3.10/site-packages'
[1.545s] Level 1:colcon.colcon_core.environment:checking '/home/lisii/Documents/Github-repos/TransferStation/1_Projects/Current/ROS2_learning/install/example_topic_rclcpp/bin'
[1.559s] INFO:colcon.colcon_core.shell:Creating package script '/home/lisii/Documents/Github-repos/TransferStation/1_Projects/Current/ROS2_learning/install/example_topic_rclcpp/share/example_topic_rclcpp/package.ps1'
[1.560s] INFO:colcon.colcon_core.shell:Creating package descriptor '/home/lisii/Documents/Github-repos/TransferStation/1_Projects/Current/ROS2_learning/install/example_topic_rclcpp/share/example_topic_rclcpp/package.dsv'
[1.560s] INFO:colcon.colcon_core.shell:Creating package script '/home/lisii/Documents/Github-repos/TransferStation/1_Projects/Current/ROS2_learning/install/example_topic_rclcpp/share/example_topic_rclcpp/package.sh'
[1.561s] INFO:colcon.colcon_core.shell:Creating package script '/home/lisii/Documents/Github-repos/TransferStation/1_Projects/Current/ROS2_learning/install/example_topic_rclcpp/share/example_topic_rclcpp/package.bash'
[1.561s] INFO:colcon.colcon_core.shell:Creating package script '/home/lisii/Documents/Github-repos/TransferStation/1_Projects/Current/ROS2_learning/install/example_topic_rclcpp/share/example_topic_rclcpp/package.zsh'
[1.562s] Level 1:colcon.colcon_core.environment:create_file_with_runtime_dependencies(/home/lisii/Documents/Github-repos/TransferStation/1_Projects/Current/ROS2_learning/install/example_topic_rclcpp/share/colcon-core/packages/example_topic_rclcpp)
[1.593s] Level 1:colcon.colcon_core.environment:create_environment_scripts_only(example_topic_rclcpp)
[1.606s] Level 1:colcon.colcon_core.environment:checking '/home/lisii/Documents/Github-repos/TransferStation/1_Projects/Current/ROS2_learning/install/example_topic_rclcpp' for CMake module files
[1.607s] Level 1:colcon.colcon_core.environment:checking '/home/lisii/Documents/Github-repos/TransferStation/1_Projects/Current/ROS2_learning/install/example_topic_rclcpp' for CMake config files
[1.607s] Level 1:colcon.colcon_core.shell:create_environment_hook('example_topic_rclcpp', 'cmake_prefix_path')
[1.621s] INFO:colcon.colcon_core.shell:Creating environment hook '/home/lisii/Documents/Github-repos/TransferStation/1_Projects/Current/ROS2_learning/install/example_topic_rclcpp/share/example_topic_rclcpp/hook/cmake_prefix_path.ps1'
[1.621s] INFO:colcon.colcon_core.shell:Creating environment descriptor '/home/lisii/Documents/Github-repos/TransferStation/1_Projects/Current/ROS2_learning/install/example_topic_rclcpp/share/example_topic_rclcpp/hook/cmake_prefix_path.dsv'
[1.621s] INFO:colcon.colcon_core.shell:Creating environment hook '/home/lisii/Documents/Github-repos/TransferStation/1_Projects/Current/ROS2_learning/install/example_topic_rclcpp/share/example_topic_rclcpp/hook/cmake_prefix_path.sh'
[1.622s] Level 1:colcon.colcon_core.environment:checking '/home/lisii/Documents/Github-repos/TransferStation/1_Projects/Current/ROS2_learning/install/example_topic_rclcpp/lib'
[1.622s] Level 1:colcon.colcon_core.environment:checking '/home/lisii/Documents/Github-repos/TransferStation/1_Projects/Current/ROS2_learning/install/example_topic_rclcpp/bin'
[1.622s] Level 1:colcon.colcon_core.environment:checking '/home/lisii/Documents/Github-repos/TransferStation/1_Projects/Current/ROS2_learning/install/example_topic_rclcpp/lib/pkgconfig/example_topic_rclcpp.pc'
[1.622s] Level 1:colcon.colcon_core.environment:checking '/home/lisii/Documents/Github-repos/TransferStation/1_Projects/Current/ROS2_learning/install/example_topic_rclcpp/lib/python3.10/site-packages'
[1.622s] Level 1:colcon.colcon_core.environment:checking '/home/lisii/Documents/Github-repos/TransferStation/1_Projects/Current/ROS2_learning/install/example_topic_rclcpp/bin'
[1.636s] INFO:colcon.colcon_core.shell:Creating package script '/home/lisii/Documents/Github-repos/TransferStation/1_Projects/Current/ROS2_learning/install/example_topic_rclcpp/share/example_topic_rclcpp/package.ps1'
[1.636s] INFO:colcon.colcon_core.shell:Creating package descriptor '/home/lisii/Documents/Github-repos/TransferStation/1_Projects/Current/ROS2_learning/install/example_topic_rclcpp/share/example_topic_rclcpp/package.dsv'
[1.637s] INFO:colcon.colcon_core.shell:Creating package script '/home/lisii/Documents/Github-repos/TransferStation/1_Projects/Current/ROS2_learning/install/example_topic_rclcpp/share/example_topic_rclcpp/package.sh'
[1.637s] INFO:colcon.colcon_core.shell:Creating package script '/home/lisii/Documents/Github-repos/TransferStation/1_Projects/Current/ROS2_learning/install/example_topic_rclcpp/share/example_topic_rclcpp/package.bash'
[1.637s] INFO:colcon.colcon_core.shell:Creating package script '/home/lisii/Documents/Github-repos/TransferStation/1_Projects/Current/ROS2_learning/install/example_topic_rclcpp/share/example_topic_rclcpp/package.zsh'
[1.638s] Level 1:colcon.colcon_core.environment:create_file_with_runtime_dependencies(/home/lisii/Documents/Github-repos/TransferStation/1_Projects/Current/ROS2_learning/install/example_topic_rclcpp/share/colcon-core/packages/example_topic_rclcpp)
[1.902s] DEBUG:colcon.colcon_core.event_handler.log_command:Invoking command in '/home/lisii/Documents/Github-repos/TransferStation/1_Projects/Current/ROS2_learning/example_topic_rclpy': PYTHONPATH=/home/lisii/Documents/Github-repos/TransferStation/1_Projects/Current/ROS2_learning/build/example_topic_rclpy/prefix_override:/home/lisii/Documents/Github-repos/TransferStation/1_Projects/Current/ROS2_learning/install/example_topic_rclpy/lib/python3.10/site-packages:${PYTHONPATH} /usr/bin/python3 setup.py egg_info --egg-base ../build/example_topic_rclpy build --build-base /home/lisii/Documents/Github-repos/TransferStation/1_Projects/Current/ROS2_learning/build/example_topic_rclpy/build install --record /home/lisii/Documents/Github-repos/TransferStation/1_Projects/Current/ROS2_learning/build/example_topic_rclpy/install.log --single-version-externally-managed
[2.311s] DEBUG:colcon.colcon_core.event_handler.log_command:Invoked command in '/home/lisii/Documents/Github-repos/TransferStation/1_Projects/Current/ROS2_learning/example_topic_rclpy' returned '0': PYTHONPATH=/home/lisii/Documents/Github-repos/TransferStation/1_Projects/Current/ROS2_learning/build/example_topic_rclpy/prefix_override:/home/lisii/Documents/Github-repos/TransferStation/1_Projects/Current/ROS2_learning/install/example_topic_rclpy/lib/python3.10/site-packages:${PYTHONPATH} /usr/bin/python3 setup.py egg_info --egg-base ../build/example_topic_rclpy build --build-base /home/lisii/Documents/Github-repos/TransferStation/1_Projects/Current/ROS2_learning/build/example_topic_rclpy/build install --record /home/lisii/Documents/Github-repos/TransferStation/1_Projects/Current/ROS2_learning/build/example_topic_rclpy/install.log --single-version-externally-managed
[2.324s] Level 1:colcon.colcon_core.environment:checking '/home/lisii/Documents/Github-repos/TransferStation/1_Projects/Current/ROS2_learning/install/example_topic_rclpy' for CMake module files
[2.325s] Level 1:colcon.colcon_core.environment:checking '/home/lisii/Documents/Github-repos/TransferStation/1_Projects/Current/ROS2_learning/install/example_topic_rclpy' for CMake config files
[2.325s] Level 1:colcon.colcon_core.environment:checking '/home/lisii/Documents/Github-repos/TransferStation/1_Projects/Current/ROS2_learning/install/example_topic_rclpy/lib'
[2.325s] Level 1:colcon.colcon_core.environment:checking '/home/lisii/Documents/Github-repos/TransferStation/1_Projects/Current/ROS2_learning/install/example_topic_rclpy/bin'
[2.325s] Level 1:colcon.colcon_core.environment:checking '/home/lisii/Documents/Github-repos/TransferStation/1_Projects/Current/ROS2_learning/install/example_topic_rclpy/lib/pkgconfig/example_topic_rclpy.pc'
[2.325s] Level 1:colcon.colcon_core.environment:checking '/home/lisii/Documents/Github-repos/TransferStation/1_Projects/Current/ROS2_learning/install/example_topic_rclpy/lib/python3.10/site-packages'
[2.325s] Level 1:colcon.colcon_core.shell:create_environment_hook('example_topic_rclpy', 'pythonpath')
[2.339s] INFO:colcon.colcon_core.shell:Creating environment hook '/home/lisii/Documents/Github-repos/TransferStation/1_Projects/Current/ROS2_learning/install/example_topic_rclpy/share/example_topic_rclpy/hook/pythonpath.ps1'
[2.339s] INFO:colcon.colcon_core.shell:Creating environment descriptor '/home/lisii/Documents/Github-repos/TransferStation/1_Projects/Current/ROS2_learning/install/example_topic_rclpy/share/example_topic_rclpy/hook/pythonpath.dsv'
[2.340s] INFO:colcon.colcon_core.shell:Creating environment hook '/home/lisii/Documents/Github-repos/TransferStation/1_Projects/Current/ROS2_learning/install/example_topic_rclpy/share/example_topic_rclpy/hook/pythonpath.sh'
[2.340s] Level 1:colcon.colcon_core.environment:checking '/home/lisii/Documents/Github-repos/TransferStation/1_Projects/Current/ROS2_learning/install/example_topic_rclpy/bin'
[2.340s] Level 1:colcon.colcon_core.environment:create_environment_scripts_only(example_topic_rclpy)
[2.354s] INFO:colcon.colcon_core.shell:Creating package script '/home/lisii/Documents/Github-repos/TransferStation/1_Projects/Current/ROS2_learning/install/example_topic_rclpy/share/example_topic_rclpy/package.ps1'
[2.354s] INFO:colcon.colcon_core.shell:Creating package descriptor '/home/lisii/Documents/Github-repos/TransferStation/1_Projects/Current/ROS2_learning/install/example_topic_rclpy/share/example_topic_rclpy/package.dsv'
[2.354s] INFO:colcon.colcon_core.shell:Creating package script '/home/lisii/Documents/Github-repos/TransferStation/1_Projects/Current/ROS2_learning/install/example_topic_rclpy/share/example_topic_rclpy/package.sh'
[2.355s] INFO:colcon.colcon_core.shell:Creating package script '/home/lisii/Documents/Github-repos/TransferStation/1_Projects/Current/ROS2_learning/install/example_topic_rclpy/share/example_topic_rclpy/package.bash'
[2.355s] INFO:colcon.colcon_core.shell:Creating package script '/home/lisii/Documents/Github-repos/TransferStation/1_Projects/Current/ROS2_learning/install/example_topic_rclpy/share/example_topic_rclpy/package.zsh'
[2.355s] Level 1:colcon.colcon_core.environment:create_file_with_runtime_dependencies(/home/lisii/Documents/Github-repos/TransferStation/1_Projects/Current/ROS2_learning/install/example_topic_rclpy/share/colcon-core/packages/example_topic_rclpy)
[2.355s] DEBUG:colcon.colcon_parallel_executor.executor.parallel:closing loop
[2.355s] DEBUG:colcon.colcon_parallel_executor.executor.parallel:loop closed
[2.355s] DEBUG:colcon.colcon_parallel_executor.executor.parallel:run_until_complete finished with '0'
[2.356s] DEBUG:colcon.colcon_core.event_reactor:joining thread
[2.373s] INFO:colcon.colcon_core.plugin_system:Skipping extension 'colcon_notification.desktop_notification.terminal_notifier': Not used on non-Darwin systems
[2.373s] INFO:colcon.colcon_core.plugin_system:Skipping extension 'colcon_notification.desktop_notification.win32': Not used on non-Windows systems
[2.373s] INFO:colcon.colcon_notification.desktop_notification:Sending desktop notification using 'notify2'
[2.382s] DEBUG:colcon.colcon_core.event_reactor:joined thread
[2.396s] INFO:colcon.colcon_core.shell:Creating prefix script '/home/lisii/Documents/Github-repos/TransferStation/1_Projects/Current/ROS2_learning/install/local_setup.ps1'
[2.397s] INFO:colcon.colcon_core.shell:Creating prefix util module '/home/lisii/Documents/Github-repos/TransferStation/1_Projects/Current/ROS2_learning/install/_local_setup_util_ps1.py'
[2.398s] INFO:colcon.colcon_core.shell:Creating prefix chain script '/home/lisii/Documents/Github-repos/TransferStation/1_Projects/Current/ROS2_learning/install/setup.ps1'
[2.415s] INFO:colcon.colcon_core.shell:Creating prefix script '/home/lisii/Documents/Github-repos/TransferStation/1_Projects/Current/ROS2_learning/install/local_setup.sh'
[2.415s] INFO:colcon.colcon_core.shell:Creating prefix util module '/home/lisii/Documents/Github-repos/TransferStation/1_Projects/Current/ROS2_learning/install/_local_setup_util_sh.py'
[2.416s] INFO:colcon.colcon_core.shell:Creating prefix chain script '/home/lisii/Documents/Github-repos/TransferStation/1_Projects/Current/ROS2_learning/install/setup.sh'
[2.435s] INFO:colcon.colcon_core.shell:Creating prefix script '/home/lisii/Documents/Github-repos/TransferStation/1_Projects/Current/ROS2_learning/install/local_setup.bash'
[2.435s] INFO:colcon.colcon_core.shell:Creating prefix chain script '/home/lisii/Documents/Github-repos/TransferStation/1_Projects/Current/ROS2_learning/install/setup.bash'
[2.452s] INFO:colcon.colcon_core.shell:Creating prefix script '/home/lisii/Documents/Github-repos/TransferStation/1_Projects/Current/ROS2_learning/install/local_setup.zsh'
[2.453s] INFO:colcon.colcon_core.shell:Creating prefix chain script '/home/lisii/Documents/Github-repos/TransferStation/1_Projects/Current/ROS2_learning/install/setup.zsh'
