[0.032s] Invoking command in '/home/lisii/Documents/Github-repos/TransferStation/1_Projects/Current/Radar_alliance/radar_remap_cpp/build/radar_remap_cpp': _=/usr/bin/env /usr/bin/cmake --build /home/lisii/Documents/Github-repos/TransferStation/1_Projects/Current/Radar_alliance/radar_remap_cpp/build/radar_remap_cpp -- -j12 -l12
[0.107s] [35m[1mConsolidate compiler generated dependencies of target points_subscriber[0m
[0.131s] [100%] Built target points_subscriber
[0.139s] Invoked command in '/home/lisii/Documents/Github-repos/TransferStation/1_Projects/Current/Radar_alliance/radar_remap_cpp/build/radar_remap_cpp' returned '0': _=/usr/bin/env /usr/bin/cmake --build /home/lisii/Documents/Github-repos/TransferStation/1_Projects/Current/Radar_alliance/radar_remap_cpp/build/radar_remap_cpp -- -j12 -l12
[0.166s] Invoking command in '/home/lisii/Documents/Github-repos/TransferStation/1_Projects/Current/Radar_alliance/radar_remap_cpp/build/radar_remap_cpp': _=/usr/bin/env /usr/bin/cmake --install /home/lisii/Documents/Github-repos/TransferStation/1_Projects/Current/Radar_alliance/radar_remap_cpp/build/radar_remap_cpp
[0.172s] -- Install configuration: ""
[0.172s] -- Up-to-date: /home/lisii/Documents/Github-repos/TransferStation/1_Projects/Current/Radar_alliance/radar_remap_cpp/install/radar_remap_cpp/share/ament_index/resource_index/package_run_dependencies/radar_remap_cpp
[0.172s] -- Up-to-date: /home/lisii/Documents/Github-repos/TransferStation/1_Projects/Current/Radar_alliance/radar_remap_cpp/install/radar_remap_cpp/share/ament_index/resource_index/parent_prefix_path/radar_remap_cpp
[0.172s] -- Up-to-date: /home/lisii/Documents/Github-repos/TransferStation/1_Projects/Current/Radar_alliance/radar_remap_cpp/install/radar_remap_cpp/share/radar_remap_cpp/environment/ament_prefix_path.sh
[0.172s] -- Up-to-date: /home/lisii/Documents/Github-repos/TransferStation/1_Projects/Current/Radar_alliance/radar_remap_cpp/install/radar_remap_cpp/share/radar_remap_cpp/environment/ament_prefix_path.dsv
[0.172s] -- Up-to-date: /home/lisii/Documents/Github-repos/TransferStation/1_Projects/Current/Radar_alliance/radar_remap_cpp/install/radar_remap_cpp/share/radar_remap_cpp/environment/path.sh
[0.172s] -- Up-to-date: /home/lisii/Documents/Github-repos/TransferStation/1_Projects/Current/Radar_alliance/radar_remap_cpp/install/radar_remap_cpp/share/radar_remap_cpp/environment/path.dsv
[0.172s] -- Up-to-date: /home/lisii/Documents/Github-repos/TransferStation/1_Projects/Current/Radar_alliance/radar_remap_cpp/install/radar_remap_cpp/share/radar_remap_cpp/local_setup.bash
[0.172s] -- Up-to-date: /home/lisii/Documents/Github-repos/TransferStation/1_Projects/Current/Radar_alliance/radar_remap_cpp/install/radar_remap_cpp/share/radar_remap_cpp/local_setup.sh
[0.172s] -- Up-to-date: /home/lisii/Documents/Github-repos/TransferStation/1_Projects/Current/Radar_alliance/radar_remap_cpp/install/radar_remap_cpp/share/radar_remap_cpp/local_setup.zsh
[0.172s] -- Up-to-date: /home/lisii/Documents/Github-repos/TransferStation/1_Projects/Current/Radar_alliance/radar_remap_cpp/install/radar_remap_cpp/share/radar_remap_cpp/local_setup.dsv
[0.172s] -- Installing: /home/lisii/Documents/Github-repos/TransferStation/1_Projects/Current/Radar_alliance/radar_remap_cpp/install/radar_remap_cpp/share/radar_remap_cpp/package.dsv
[0.172s] -- Up-to-date: /home/lisii/Documents/Github-repos/TransferStation/1_Projects/Current/Radar_alliance/radar_remap_cpp/install/radar_remap_cpp/share/ament_index/resource_index/packages/radar_remap_cpp
[0.172s] -- Up-to-date: /home/lisii/Documents/Github-repos/TransferStation/1_Projects/Current/Radar_alliance/radar_remap_cpp/install/radar_remap_cpp/share/radar_remap_cpp/cmake/radar_remap_cppConfig.cmake
[0.172s] -- Up-to-date: /home/lisii/Documents/Github-repos/TransferStation/1_Projects/Current/Radar_alliance/radar_remap_cpp/install/radar_remap_cpp/share/radar_remap_cpp/cmake/radar_remap_cppConfig-version.cmake
[0.172s] -- Up-to-date: /home/lisii/Documents/Github-repos/TransferStation/1_Projects/Current/Radar_alliance/radar_remap_cpp/install/radar_remap_cpp/share/radar_remap_cpp/package.xml
[0.173s] -- Up-to-date: /home/lisii/Documents/Github-repos/TransferStation/1_Projects/Current/Radar_alliance/radar_remap_cpp/install/radar_remap_cpp/lib/radar_remap_cpp/points_subscriber
[0.174s] Invoked command in '/home/lisii/Documents/Github-repos/TransferStation/1_Projects/Current/Radar_alliance/radar_remap_cpp/build/radar_remap_cpp' returned '0': _=/usr/bin/env /usr/bin/cmake --install /home/lisii/Documents/Github-repos/TransferStation/1_Projects/Current/Radar_alliance/radar_remap_cpp/build/radar_remap_cpp
