[0.610s] Invoking command in '/workspaces/DockerExample/Radar_alliance V1.0/radar_yolov5_py': PYTHONPATH=/workspaces/DockerExample/Radar_alliance V1.0/radar_yolov5_py/build/radar_yolov5_py/prefix_override:/workspaces/DockerExample/Radar_alliance V1.0/radar_yolov5_py/install/radar_yolov5_py/lib/python3.10/site-packages:${PYTHONPATH} /usr/bin/python3 setup.py egg_info --egg-base build/radar_yolov5_py build --build-base /workspaces/DockerExample/Radar_alliance V1.0/radar_yolov5_py/build/radar_yolov5_py/build install --record /workspaces/DockerExample/Radar_alliance V1.0/radar_yolov5_py/build/radar_yolov5_py/install.log --single-version-externally-managed
[0.772s] running egg_info
[0.782s] writing build/radar_yolov5_py/radar_yolov5_py.egg-info/PKG-INFO
[0.782s] writing dependency_links to build/radar_yolov5_py/radar_yolov5_py.egg-info/dependency_links.txt
[0.782s] writing entry points to build/radar_yolov5_py/radar_yolov5_py.egg-info/entry_points.txt
[0.783s] writing requirements to build/radar_yolov5_py/radar_yolov5_py.egg-info/requires.txt
[0.783s] writing top-level names to build/radar_yolov5_py/radar_yolov5_py.egg-info/top_level.txt
[0.805s] reading manifest file 'build/radar_yolov5_py/radar_yolov5_py.egg-info/SOURCES.txt'
[0.806s] writing manifest file 'build/radar_yolov5_py/radar_yolov5_py.egg-info/SOURCES.txt'
[0.807s] running build
[0.807s] running build_py
[0.807s] copying radar_yolov5_py/points_publisher.py -> /workspaces/DockerExample/Radar_alliance V1.0/radar_yolov5_py/build/radar_yolov5_py/build/lib/radar_yolov5_py
[0.810s] running install
[0.811s] /usr/local/lib/python3.10/dist-packages/setuptools/_distutils/cmd.py:66: SetuptoolsDeprecationWarning: setup.py install is deprecated.
[0.811s] !!
[0.811s] 
[0.811s]         ********************************************************************************
[0.811s]         Please avoid running ``setup.py`` directly.
[0.811s]         Instead, use pypa/build, pypa/installer or other
[0.811s]         standards-based tools.
[0.811s] 
[0.811s]         See https://blog.ganssle.io/articles/2021/10/setup-py-deprecated.html for details.
[0.812s]         ********************************************************************************
[0.812s] 
[0.812s] !!
[0.812s]   self.initialize_options()
[0.816s] running install_lib
[0.828s] copying /workspaces/DockerExample/Radar_alliance V1.0/radar_yolov5_py/build/radar_yolov5_py/build/lib/radar_yolov5_py/points_publisher.py -> /workspaces/DockerExample/Radar_alliance V1.0/radar_yolov5_py/install/radar_yolov5_py/lib/python3.10/site-packages/radar_yolov5_py
[0.830s] byte-compiling /workspaces/DockerExample/Radar_alliance V1.0/radar_yolov5_py/install/radar_yolov5_py/lib/python3.10/site-packages/radar_yolov5_py/points_publisher.py to points_publisher.cpython-310.pyc
[0.832s] running install_data
[0.842s] copying launch/py.launch.py -> /workspaces/DockerExample/Radar_alliance V1.0/radar_yolov5_py/install/radar_yolov5_py/share/radar_yolov5_py/launch
[0.842s] running install_egg_info
[0.853s] removing '/workspaces/DockerExample/Radar_alliance V1.0/radar_yolov5_py/install/radar_yolov5_py/lib/python3.10/site-packages/radar_yolov5_py-0.0.0-py3.10.egg-info' (and everything under it)
[0.853s] Copying build/radar_yolov5_py/radar_yolov5_py.egg-info to /workspaces/DockerExample/Radar_alliance V1.0/radar_yolov5_py/install/radar_yolov5_py/lib/python3.10/site-packages/radar_yolov5_py-0.0.0-py3.10.egg-info
[0.854s] running install_scripts
[0.943s] Installing points_publisher script to /workspaces/DockerExample/Radar_alliance V1.0/radar_yolov5_py/install/radar_yolov5_py/lib/radar_yolov5_py
[0.944s] writing list of installed files to '/workspaces/DockerExample/Radar_alliance V1.0/radar_yolov5_py/build/radar_yolov5_py/install.log'
[0.962s] Invoked command in '/workspaces/DockerExample/Radar_alliance V1.0/radar_yolov5_py' returned '0': PYTHONPATH=/workspaces/DockerExample/Radar_alliance V1.0/radar_yolov5_py/build/radar_yolov5_py/prefix_override:/workspaces/DockerExample/Radar_alliance V1.0/radar_yolov5_py/install/radar_yolov5_py/lib/python3.10/site-packages:${PYTHONPATH} /usr/bin/python3 setup.py egg_info --egg-base build/radar_yolov5_py build --build-base /workspaces/DockerExample/Radar_alliance V1.0/radar_yolov5_py/build/radar_yolov5_py/build install --record /workspaces/DockerExample/Radar_alliance V1.0/radar_yolov5_py/build/radar_yolov5_py/install.log --single-version-externally-managed
