[0.764s] Invoking command in '/home/lisii/Documents/Github-repos/TransferStation/1_Projects/Current/ROS2_learning/example_topic_rclpy': PYTHONPATH=/home/lisii/Documents/Github-repos/TransferStation/1_Projects/Current/ROS2_learning/build/example_topic_rclpy/prefix_override:/home/lisii/Documents/Github-repos/TransferStation/1_Projects/Current/ROS2_learning/install/example_topic_rclpy/lib/python3.10/site-packages:${PYTHONPATH} /usr/bin/python3 setup.py egg_info --egg-base ../build/example_topic_rclpy build --build-base /home/lisii/Documents/Github-repos/TransferStation/1_Projects/Current/ROS2_learning/build/example_topic_rclpy/build install --record /home/lisii/Documents/Github-repos/TransferStation/1_Projects/Current/ROS2_learning/build/example_topic_rclpy/install.log --single-version-externally-managed
[0.958s] running egg_info
[0.972s] writing ../build/example_topic_rclpy/example_topic_rclpy.egg-info/PKG-INFO
[0.972s] writing dependency_links to ../build/example_topic_rclpy/example_topic_rclpy.egg-info/dependency_links.txt
[0.972s] writing entry points to ../build/example_topic_rclpy/example_topic_rclpy.egg-info/entry_points.txt
[0.972s] writing requirements to ../build/example_topic_rclpy/example_topic_rclpy.egg-info/requires.txt
[0.973s] writing top-level names to ../build/example_topic_rclpy/example_topic_rclpy.egg-info/top_level.txt
[1.002s] reading manifest file '../build/example_topic_rclpy/example_topic_rclpy.egg-info/SOURCES.txt'
[1.003s] writing manifest file '../build/example_topic_rclpy/example_topic_rclpy.egg-info/SOURCES.txt'
[1.003s] running build
[1.003s] running build_py
[1.004s] copying example_topic_rclpy/topic_publisher_02.py -> /home/lisii/Documents/Github-repos/TransferStation/1_Projects/Current/ROS2_learning/build/example_topic_rclpy/build/lib/example_topic_rclpy
[1.004s] copying example_topic_rclpy/__init__.py -> /home/lisii/Documents/Github-repos/TransferStation/1_Projects/Current/ROS2_learning/build/example_topic_rclpy/build/lib/example_topic_rclpy
[1.004s] running install
[1.004s] /home/lisii/.local/lib/python3.10/site-packages/setuptools/_distutils/cmd.py:66: SetuptoolsDeprecationWarning: setup.py install is deprecated.
[1.004s] !!
[1.004s] 
[1.004s]         ********************************************************************************
[1.004s]         Please avoid running ``setup.py`` directly.
[1.004s]         Instead, use pypa/build, pypa/installer or other
[1.004s]         standards-based tools.
[1.004s] 
[1.005s]         See https://blog.ganssle.io/articles/2021/10/setup-py-deprecated.html for details.
[1.005s]         ********************************************************************************
[1.005s] 
[1.005s] !!
[1.005s]   self.initialize_options()
[1.009s] running install_lib
[1.024s] running install_data
[1.038s] copying resource/example_topic_rclpy -> /home/lisii/Documents/Github-repos/TransferStation/1_Projects/Current/ROS2_learning/install/example_topic_rclpy/share/ament_index/resource_index/packages
[1.038s] copying package.xml -> /home/lisii/Documents/Github-repos/TransferStation/1_Projects/Current/ROS2_learning/install/example_topic_rclpy/share/example_topic_rclpy
[1.038s] running install_egg_info
[1.054s] removing '/home/lisii/Documents/Github-repos/TransferStation/1_Projects/Current/ROS2_learning/install/example_topic_rclpy/lib/python3.10/site-packages/example_topic_rclpy-0.0.0-py3.10.egg-info' (and everything under it)
[1.054s] Copying ../build/example_topic_rclpy/example_topic_rclpy.egg-info to /home/lisii/Documents/Github-repos/TransferStation/1_Projects/Current/ROS2_learning/install/example_topic_rclpy/lib/python3.10/site-packages/example_topic_rclpy-0.0.0-py3.10.egg-info
[1.055s] running install_scripts
[1.181s] Installing topic_publisher_02 script to /home/lisii/Documents/Github-repos/TransferStation/1_Projects/Current/ROS2_learning/install/example_topic_rclpy/lib/example_topic_rclpy
[1.182s] writing list of installed files to '/home/lisii/Documents/Github-repos/TransferStation/1_Projects/Current/ROS2_learning/build/example_topic_rclpy/install.log'
[1.203s] Invoked command in '/home/lisii/Documents/Github-repos/TransferStation/1_Projects/Current/ROS2_learning/example_topic_rclpy' returned '0': PYTHONPATH=/home/lisii/Documents/Github-repos/TransferStation/1_Projects/Current/ROS2_learning/build/example_topic_rclpy/prefix_override:/home/lisii/Documents/Github-repos/TransferStation/1_Projects/Current/ROS2_learning/install/example_topic_rclpy/lib/python3.10/site-packages:${PYTHONPATH} /usr/bin/python3 setup.py egg_info --egg-base ../build/example_topic_rclpy build --build-base /home/lisii/Documents/Github-repos/TransferStation/1_Projects/Current/ROS2_learning/build/example_topic_rclpy/build install --record /home/lisii/Documents/Github-repos/TransferStation/1_Projects/Current/ROS2_learning/build/example_topic_rclpy/install.log --single-version-externally-managed
